Current Directory:C:/HOT300~1
Thursday, 13 of August 2009 0:0:0
All Directorys for project 2508A00065_NB created
=========Window data======
CFG fileuser/2508A00065_NB/cfg/2508A00065_NB.cfg open for write
AIM fileuser/2508A00065_NB/aim/2508A00065_NB.aim open for write
CON fileuser/2508A00065_NB/zones/Main.con open for write
CON fileuser/2508A00065_NB/zones/Ceiling01.con open for write
CON fileuser/2508A00065_NB/zones/Foundation-1.con open for write
BSM fileuser/2508A00065_NB/bsm/Foundation-1.bsm open for write
CNN fileuser/2508A00065_NB/cfg/2508A00065_NB.cnn open for write
----------surface parameters-------------|---connecting zone-------
 # zon       name optics  type    db_name|Zone      name type surf#
-----------------------------------------|-------------------------
 1  1       Wall_2  OPAQ  VERT   ext_wall|  0   EXTERIOR   0   0
 2  1       Wall_1  OPAQ  VERT   ext_wall|  0   EXTERIOR   0   0
 3  1       Wall_4  OPAQ  VERT   ext_wall|  0   EXTERIOR   0   0
 4  1       Wall_3  OPAQ  VERT   ext_wall|  0   EXTERIOR   0   0
 5  1       to_bsm  OPAQ  FLOR     floors|  3 Foundation-1   3   6
 6  1     to_attic  OPAQ  CEIL    ceiling|  2  Ceiling01   3   1
 7  1    Right0001  TRAN  VERT     window|  0   EXTERIOR   0   0
 8  1      Door-01  OPAQ  VERT   ext_door|  0   EXTERIOR   0   0
 9  1    Front0001  TRAN  VERT     window|  0   EXTERIOR   0   0
10  1     Left0001  TRAN  VERT     window|  0   EXTERIOR   0   0
11  1      Door-02  OPAQ  VERT   ext_door|  0   EXTERIOR   0   0
12  1     Back0001  TRAN  VERT     window|  0   EXTERIOR   0   0
----------surface parameters-------------|---connecting zone-------
 # zon       name optics  type    db_name|Zone      name type surf#
-----------------------------------------|-------------------------
 1  2      to_main  OPAQ  FLOR  ceiling_r|  1       Main   3   6
 2  2   RightSlope  OPAQ  SLOP    asphalt|  0   EXTERIOR   0   0
 3  2   FrontGable  OPAQ  VERT   cladding|  0   EXTERIOR   0   0
 4  2    LeftSlope  OPAQ  SLOP    asphalt|  0   EXTERIOR   0   0
 5  2    BackGable  OPAQ  VERT   cladding|  0   EXTERIOR   0   0
----------surface parameters-------------|---connecting zone-------
 # zon       name optics  type    db_name|Zone      name type surf#
-----------------------------------------|-------------------------
 1  3   bsm_Wall_2  OPAQ  VERT foundation|  9   BASESIMP   6  10
 2  3   bsm_Wall_1  OPAQ  VERT foundation|  9   BASESIMP   6   7
 3  3   bsm_Wall_4  OPAQ  VERT foundation|  9   BASESIMP   6  10
 4  3   bsm_Wall_3  OPAQ  VERT foundation|  9   BASESIMP   6   7
 5  3         slab  OPAQ  FLOR slab_floor|  9   BASESIMP   6  67
 6  3      to_main  OPAQ  CEIL   floors_r|  1       Main   3   5
