the ARGV says core 15
Starting bps in mode text with file ./3420A00344.cfg
and parameters default in silent       mode and no   browsing.
 
ESP-r Integrated Building Performance Simulator (bps).
This is a development copy of bps, based on ESP-r release 11.5.
 
Copyright 2001-2007 Energy Systems Research Unit.
 
Build information:
  - SVN Source:       development_branch@r3459 (unmodified)
  - Platform:         i686:Linux:2.6.24-16-generic
  - Compilers:        gcc-3.4/g++-3.4/g77-3.4
  - Graphics Library: X11
  - XML output:       Supported
 
 standard databases are at /usr/esru/esp-r/databases
Using installed version of esprc file.
 the input file is: ./3420A00344.cfg
Silent-running mode.
Scanning the model description...
 ../../../databases/optics_db                                                                                                                    
 ../../../databases/optics_db                                                                                                                    
 findwhichdbpath ipath is  0
 ../../../databases/plant_db                                                                                                                     
 ../../../databases/plant_db                                                                                                                     
 findwhichdbpath ipath is  0
 ../../../databases/plant_db                                                                                                                     
 ../../../databases/plant_db                                                                                                                     
  ersys ipathpcdb is  0
 The system name is 3420A00344
Scanning the model description...done
 Checking zone descriptions...
 Checking zone descriptions...done
 Checking model topology...
 Checking model topology...done
A systems and building simulation start-up period of  10 days has been specified.
  
 
 Climate data:                           Calg:  1997
 
 Library file: 3420A00344.res
 Warning in AIM2_flue_size.
 Ignore this warning if building is heated
 by an explicit plant network.
 Climate file         : ../../../climate/CALGARY.CWEC
 Configuration file   : 3420A00344.cfg
 Configuration name   : 3420A00344
 
 Control file name    : ./3420A00344.ctl
 
 Zone save option     : 5 H3K
 No. of warnings      :     2
 
 Simulation period    :   365 day(s)
                period: Mon-01-Jan@01h00 - Mon-31-Dec@24h00
 Start-up period      :    10 day(s)
 Zone time-steps      :     1 / hr ( 60.00 min. intervals saved at each timestep)
 Number of zones      :     2
 Zone-time increments : 18000
 Zone results db size :     0.0 Kbytes
 Time-step controller :     Not active
  
 
 Simulation has now commenced.
   1 %   complete; expected finish time : Tue Sep  9 10:14:46 2008
 MZELWE: a longwave flux of   -605.6 Watts has been calculated for Wall-1:main @ increment   131
 This is considered high and a correlation will be used.
 <sky =  -250.3 <buildings = -145.6 <ground = -209.7
 MZELWE: a longwave flux of  -1114.6 Watts has been calculated for Wall-1:main @ increment   134
 This is considered high and a correlation will be used.
 <sky =  -445.5 <buildings = -277.4 <ground = -391.8
 MZELWE: a longwave flux of   -778.2 Watts has been calculated for Wall-1:attc @ increment   134
 This is considered high and a correlation will be used.
 <sky =  -687.2 <buildings =  -31.0 <ground =  -60.0
 MZELWE: a longwave flux of   -643.8 Watts has been calculated for Wall-1:main @ increment   323
 This is considered high and a correlation will be used.
 <sky =  -268.4 <buildings = -153.0 <ground = -222.4
 MZELWE: a longwave flux of   -514.6 Watts has been calculated for Wall-1:attc @ increment   323
 This is considered high and a correlation will be used.
 <sky =  -457.4 <buildings =  -20.1 <ground =  -37.1
 MZELWE: a longwave flux of   -680.9 Watts has been calculated for Wall-1:main @ increment   324
 This is considered high and a correlation will be used.
 <sky =  -284.1 <buildings = -159.9 <ground = -236.9
 MZELWE: a longwave flux of   -625.6 Watts has been calculated for Wall-1:attc @ increment   324
 This is considered high and a correlation will be used.
 <sky =  -554.0 <buildings =  -25.1 <ground =  -46.5
  
 MZELWE: a longwave flux of   -935.5 Watts has been calculated for Wall-1:main @ increment   325
 This is considered high and a correlation will be used.
 <sky =  -377.3 <buildings = -232.5 <ground = -325.7
 MZELWE: a longwave flux of   -773.3 Watts has been calculated for Wall-1:attc @ increment   325
 This is considered high and a correlation will be used.
 <sky =  -681.4 <buildings =  -32.8 <ground =  -59.1
 MZELWE: a longwave flux of   -785.3 Watts has been calculated for Wall-1:main @ increment   326
 This is considered high and a correlation will be used.
 <sky =  -321.8 <buildings = -189.2 <ground = -274.3
 MZELWE: a longwave flux of   -655.5 Watts has been calculated for Wall-1:attc @ increment   326
 This is considered high and a correlation will be used.
 <sky =  -579.4 <buildings =  -26.6 <ground =  -49.4
 MZELWE: a longwave flux of   -500.7 Watts has been calculated for Wall-1:main @ increment   371
 This is considered high and a correlation will be used.
 <sky =  -211.5 <buildings = -118.7 <ground = -170.5
 MZELWE: a longwave flux of   -556.0 Watts has been calculated for Wall-1:main @ increment   373
 This is considered high and a correlation will be used.
 <sky =  -231.2 <buildings = -136.8 <ground = -188.0
 MZELWE: a longwave flux of   -534.1 Watts has been calculated for Wall-1:main @ increment   376
 This is considered high and a correlation will be used.
 <sky =  -218.7 <buildings = -134.1 <ground = -181.3
 MZELWE: a longwave flux of   -549.5 Watts has been calculated for Wall-1:main @ increment   443
 This is considered high and a correlation will be used.
 <sky =  -229.9 <buildings = -131.5 <ground = -188.0
  
 MZELWE: a longwave flux of   -497.4 Watts has been calculated for Wall-1:main @ increment   445
 This is considered high and a correlation will be used.
 <sky =  -208.0 <buildings = -119.9 <ground = -169.5
 MZELWE: a longwave flux of   -591.3 Watts has been calculated for Wall-1:main @ increment   446
 This is considered high and a correlation will be used.
 <sky =  -244.7 <buildings = -137.9 <ground = -208.7
   5 %   complete; expected finish time : Tue Sep  9 10:14:26 2008
 MZELWE: a longwave flux of   -534.5 Watts has been calculated for Wall-1:main @ increment   469
 This is considered high and a correlation will be used.
 <sky =  -226.9 <buildings = -125.9 <ground = -181.7
 MZELWE: a longwave flux of   -566.5 Watts has been calculated for Wall-1:main @ increment   515
 This is considered high and a correlation will be used.
 <sky =  -237.8 <buildings = -133.0 <ground = -195.6
 MZELWE: a longwave flux of   -526.6 Watts has been calculated for Wall-1:main @ increment   517
 This is considered high and a correlation will be used.
 <sky =  -222.6 <buildings = -122.3 <ground = -181.6
 MZELWE: a longwave flux of  -1061.6 Watts has been calculated for Wall-1:main @ increment   518
 This is considered high and a correlation will be used.
 <sky =  -426.3 <buildings = -260.7 <ground = -374.6
 MZELWE: a longwave flux of   -627.7 Watts has been calculated for Wall-1:attc @ increment   518
 This is considered high and a correlation will be used.
 <sky =  -556.0 <buildings =  -24.4 <ground =  -47.3
 MZELWE: a longwave flux of   -668.8 Watts has been calculated for Wall-1:main @ increment   733
 This is considered high and a correlation will be used.
  
 <sky =  -280.5 <buildings = -160.3 <ground = -227.9
 MZELWE: a longwave flux of   -558.4 Watts has been calculated for Wall-1:main @ increment   736
 This is considered high and a correlation will be used.
 <sky =  -222.9 <buildings = -139.2 <ground = -196.3
 MZELWE: a longwave flux of   -571.9 Watts has been calculated for Wall-1:main @ increment   803
 This is considered high and a correlation will be used.
 <sky =  -244.5 <buildings = -131.3 <ground = -196.1
 MZELWE: a longwave flux of   -639.0 Watts has been calculated for Wall-1:main @ increment   950
 This is considered high and a correlation will be used.
 <sky =  -266.5 <buildings = -154.2 <ground = -218.2
 MZELWE: a longwave flux of   -522.7 Watts has been calculated for Wall-1:main @ increment   972
 This is considered high and a correlation will be used.
 <sky =  -222.1 <buildings = -121.2 <ground = -179.3
 MZELWE: a longwave flux of   -505.0 Watts has been calculated for Wall-1:main @ increment  1046
 This is considered high and a correlation will be used.
 <sky =  -213.7 <buildings = -121.4 <ground = -169.8
 MZELWE: a longwave flux of   -511.9 Watts has been calculated for Wall-1:attc @ increment  1164
 This is considered high and a correlation will be used.
 <sky =  -459.0 <buildings =  -15.9 <ground =  -37.0
 MZELWE: a longwave flux of   -521.1 Watts has been calculated for Wall-1:attc @ increment  1503
 This is considered high and a correlation will be used.
 <sky =  -466.4 <buildings =  -17.2 <ground =  -37.6
 MZELWE: a longwave flux of   -644.9 Watts has been calculated for Wall-1:attc @ increment  1504
 This is considered high and a correlation will be used.
  
 <sky =  -571.2 <buildings =  -25.1 <ground =  -48.6
 MZELWE: a longwave flux of   -507.5 Watts has been calculated for Wall-1:main @ increment  1525
 This is considered high and a correlation will be used.
 <sky =  -224.8 <buildings = -110.0 <ground = -172.7
 MZELWE: a longwave flux of   -505.5 Watts has been calculated for Wall-1:main @ increment  1621
 This is considered high and a correlation will be used.
 <sky =  -219.8 <buildings = -117.7 <ground = -168.0
 MZELWE: a longwave flux of   -535.7 Watts has been calculated for Wall-1:main @ increment  1624
 This is considered high and a correlation will be used.
 <sky =  -226.0 <buildings = -127.2 <ground = -182.5
 MZELWE: a longwave flux of   -502.0 Watts has been calculated for Wall-1:attc @ increment  1714
 This is considered high and a correlation will be used.
 <sky =  -450.5 <buildings =  -16.2 <ground =  -35.3
 MZELWE: a longwave flux of   -503.5 Watts has been calculated for Wall-1:main @ increment  1716
 This is considered high and a correlation will be used.
 <sky =  -219.0 <buildings = -117.2 <ground = -167.3
 MZELWE: a longwave flux of   -536.8 Watts has been calculated for Wall-1:main @ increment  1740
 This is considered high and a correlation will be used.
 <sky =  -231.4 <buildings = -124.4 <ground = -181.0
 MZELWE: a longwave flux of   -591.1 Watts has been calculated for Wall-1:main @ increment  1741
 This is considered high and a correlation will be used.
 <sky =  -254.5 <buildings = -134.9 <ground = -201.7
 MZELWE: a longwave flux of   -557.8 Watts has been calculated for Wall-1:attc @ increment  1787
 This is considered high and a correlation will be used.
  
 <sky =  -500.8 <buildings =  -16.0 <ground =  -41.0
 MZELWE: a longwave flux of   -610.4 Watts has been calculated for Wall-1:main @ increment  1837
 This is considered high and a correlation will be used.
 <sky =  -261.0 <buildings = -143.0 <ground = -206.4
 MZELWE: a longwave flux of  -1121.0 Watts has been calculated for Wall-1:main @ increment  1840
 This is considered high and a correlation will be used.
 <sky =  -440.7 <buildings = -289.9 <ground = -390.4
 MZELWE: a longwave flux of   -509.3 Watts has been calculated for Wall-1:attc @ increment  2002
 This is considered high and a correlation will be used.
 <sky =  -457.4 <buildings =  -15.7 <ground =  -36.2
 MZELWE: a longwave flux of   -584.6 Watts has been calculated for Wall-1:attc @ increment  2003
 This is considered high and a correlation will be used.
 <sky =  -521.6 <buildings =  -20.7 <ground =  -42.3
 MZELWE: a longwave flux of   -537.7 Watts has been calculated for Wall-2:main @ increment  2073
 This is considered high and a correlation will be used.
 <sky =  -231.8 <buildings = -126.0 <ground = -179.9
 MZELWE: a longwave flux of   -531.6 Watts has been calculated for Wall-2:attc @ increment  2073
 This is considered high and a correlation will be used.
 <sky =  -229.5 <buildings = -124.4 <ground = -177.7
  25 %   complete; expected finish time : Tue Sep  9 10:14:58 2008
 MZELWE: a longwave flux of   -497.0 Watts has been calculated for Wall-1:main @ increment  2435
 This is considered high and a correlation will be used.
 <sky =  -222.8 <buildings = -110.9 <ground = -163.3
 MZELWE: a longwave flux of  -1263.7 Watts has been calculated for Wall-1:main @ increment  2438
  
 This is considered high and a correlation will be used.
 <sky =  -511.1 <buildings = -314.3 <ground = -438.3
 MZELWE: a longwave flux of   -761.5 Watts has been calculated for Wall-1:main @ increment  2441
 This is considered high and a correlation will be used.
 <sky =  -311.3 <buildings = -192.1 <ground = -258.0
 MZELWE: a longwave flux of   -593.3 Watts has been calculated for Wall-2:main @ increment  2456
 This is considered high and a correlation will be used.
 <sky =  -246.1 <buildings = -146.3 <ground = -200.9
 MZELWE: a longwave flux of   -582.2 Watts has been calculated for Wall-2:attc @ increment  2456
 This is considered high and a correlation will be used.
 <sky =  -241.9 <buildings = -143.4 <ground = -197.0
 MZELWE: a longwave flux of   -616.8 Watts has been calculated for Wall-2:main @ increment  2648
 This is considered high and a correlation will be used.
 <sky =  -256.6 <buildings = -149.8 <ground = -210.4
 MZELWE: a longwave flux of   -606.1 Watts has been calculated for Wall-2:attc @ increment  2648
 This is considered high and a correlation will be used.
 <sky =  -252.6 <buildings = -146.9 <ground = -206.6
 MZELWE: a longwave flux of   -722.1 Watts has been calculated for Wall-2:main @ increment  2649
 This is considered high and a correlation will be used.
 <sky =  -307.1 <buildings = -163.4 <ground = -251.6
 MZELWE: a longwave flux of   -709.1 Watts has been calculated for Wall-2:attc @ increment  2649
 This is considered high and a correlation will be used.
 <sky =  -302.2 <buildings = -160.0 <ground = -247.0
 MZELWE: a longwave flux of   -564.5 Watts has been calculated for Wall-1:main @ increment  2652
  
 This is considered high and a correlation will be used.
 <sky =  -249.5 <buildings = -127.3 <ground = -187.7
 MZELWE: a longwave flux of   -515.4 Watts has been calculated for Wall-1:main @ increment  2655
 This is considered high and a correlation will be used.
 <sky =  -227.0 <buildings = -113.2 <ground = -175.2
 MZELWE: a longwave flux of   -517.8 Watts has been calculated for Wall-2:main @ increment  2672
 This is considered high and a correlation will be used.
 <sky =  -218.8 <buildings = -127.9 <ground = -171.1
 MZELWE: a longwave flux of   -512.0 Watts has been calculated for Wall-2:attc @ increment  2672
 This is considered high and a correlation will be used.
 <sky =  -216.6 <buildings = -126.3 <ground = -169.0
 MZELWE: a longwave flux of   -517.4 Watts has been calculated for Wall-2:main @ increment  2673
 This is considered high and a correlation will be used.
 <sky =  -223.3 <buildings = -119.7 <ground = -174.4
 MZELWE: a longwave flux of   -504.7 Watts has been calculated for Wall-2:attc @ increment  2673
 This is considered high and a correlation will be used.
 <sky =  -218.5 <buildings = -116.3 <ground = -169.9
 MZELWE: a longwave flux of   -556.7 Watts has been calculated for Wall-2:main @ increment  2935
 This is considered high and a correlation will be used.
 <sky =  -231.4 <buildings = -140.4 <ground = -185.0
 MZELWE: a longwave flux of   -546.6 Watts has been calculated for Wall-2:attc @ increment  2935
 This is considered high and a correlation will be used.
 <sky =  -227.6 <buildings = -137.7 <ground = -181.4
 MZELWE: a longwave flux of  -1962.4 Watts has been calculated for Wall-2:main @ increment  2938
  
 This is considered high and a correlation will be used.
 <sky =  -770.4 <buildings = -506.1 <ground = -685.9
 MZELWE: a longwave flux of  -1915.4 Watts has been calculated for Wall-2:attc @ increment  2938
 This is considered high and a correlation will be used.
 <sky =  -752.7 <buildings = -493.6 <ground = -669.1
 MZELWE: a longwave flux of   -497.0 Watts has been calculated for Wall-1:main @ increment  2941
 This is considered high and a correlation will be used.
 <sky =  -227.4 <buildings = -102.3 <ground = -167.3
 MZELWE: a longwave flux of  -1209.6 Watts has been calculated for Wall-2:main @ increment  2941
 This is considered high and a correlation will be used.
 <sky =  -487.6 <buildings = -307.5 <ground = -414.5
 MZELWE: a longwave flux of  -1188.0 Watts has been calculated for Wall-2:attc @ increment  2941
 This is considered high and a correlation will be used.
 <sky =  -479.5 <buildings = -301.7 <ground = -406.8
 MZELWE: a longwave flux of   -531.9 Watts has been calculated for Wall-2:main @ increment  2944
 This is considered high and a correlation will be used.
 <sky =  -229.4 <buildings = -116.2 <ground = -186.4
 MZELWE: a longwave flux of   -526.3 Watts has been calculated for Wall-2:attc @ increment  2944
 This is considered high and a correlation will be used.
 <sky =  -227.2 <buildings = -114.6 <ground = -184.4
 MZELWE: a longwave flux of   -579.1 Watts has been calculated for Wall-2:main @ increment  2984
 This is considered high and a correlation will be used.
 <sky =  -248.4 <buildings = -130.8 <ground = -199.9
 MZELWE: a longwave flux of   -571.2 Watts has been calculated for Wall-2:attc @ increment  2984
  
 This is considered high and a correlation will be used.
 <sky =  -245.4 <buildings = -128.7 <ground = -197.1
 MZELWE: a longwave flux of   -524.1 Watts has been calculated for Wall-2:main @ increment  3007
 This is considered high and a correlation will be used.
 <sky =  -219.6 <buildings = -129.4 <ground = -175.1
 MZELWE: a longwave flux of   -515.7 Watts has been calculated for Wall-2:attc @ increment  3007
 This is considered high and a correlation will be used.
 <sky =  -216.4 <buildings = -127.2 <ground = -172.1
 MZELWE: a longwave flux of   -590.4 Watts has been calculated for Wall-2:main @ increment  3151
 This is considered high and a correlation will be used.
 <sky =  -247.2 <buildings = -146.5 <ground = -196.7
 MZELWE: a longwave flux of   -583.2 Watts has been calculated for Wall-2:attc @ increment  3151
 This is considered high and a correlation will be used.
 <sky =  -244.4 <buildings = -144.6 <ground = -194.1
 MZELWE: a longwave flux of  -1200.6 Watts has been calculated for Wall-2:main @ increment  3154
 This is considered high and a correlation will be used.
 <sky =  -483.5 <buildings = -307.2 <ground = -409.9
 MZELWE: a longwave flux of  -1182.7 Watts has been calculated for Wall-2:attc @ increment  3154
 This is considered high and a correlation will be used.
 <sky =  -476.8 <buildings = -302.4 <ground = -403.5
 MZELWE: a longwave flux of   -743.9 Watts has been calculated for Wall-2:main @ increment  3157
 This is considered high and a correlation will be used.
 <sky =  -315.9 <buildings = -170.0 <ground = -258.0
 MZELWE: a longwave flux of   -730.7 Watts has been calculated for Wall-2:attc @ increment  3157
  
 This is considered high and a correlation will be used.
 <sky =  -310.9 <buildings = -166.5 <ground = -253.3
 MZELWE: a longwave flux of   -714.9 Watts has been calculated for Wall-2:main @ increment  3297
 This is considered high and a correlation will be used.
 <sky =  -302.2 <buildings = -170.1 <ground = -242.6
 MZELWE: a longwave flux of   -703.8 Watts has been calculated for Wall-2:attc @ increment  3297
 This is considered high and a correlation will be used.
 <sky =  -298.0 <buildings = -167.1 <ground = -238.6
 MZELWE: a longwave flux of   -561.6 Watts has been calculated for Wall-2:main @ increment  3300
 This is considered high and a correlation will be used.
 <sky =  -238.8 <buildings = -138.1 <ground = -184.7
 MZELWE: a longwave flux of   -552.6 Watts has been calculated for Wall-2:attc @ increment  3300
 This is considered high and a correlation will be used.
 <sky =  -235.4 <buildings = -135.8 <ground = -181.5
 MZELWE: a longwave flux of   -503.2 Watts has been calculated for Wall-4:main @ increment  3402
 This is considered high and a correlation will be used.
 <sky =  -213.9 <buildings = -117.0 <ground = -172.3
 MZELWE: a longwave flux of   -501.0 Watts has been calculated for Wall-4:attc @ increment  3402
 This is considered high and a correlation will be used.
 <sky =  -213.0 <buildings = -116.4 <ground = -171.5
 MZELWE: a longwave flux of   -625.5 Watts has been calculated for Wall-2:main @ increment  3415
 This is considered high and a correlation will be used.
 <sky =  -260.6 <buildings = -151.6 <ground = -213.2
 MZELWE: a longwave flux of   -618.9 Watts has been calculated for Wall-2:attc @ increment  3415
  
 This is considered high and a correlation will be used.
 <sky =  -258.2 <buildings = -149.9 <ground = -210.9
 MZELWE: a longwave flux of   -503.6 Watts has been calculated for Wall-2:main @ increment  3416
 This is considered high and a correlation will be used.
 <sky =  -220.6 <buildings = -112.2 <ground = -170.8
 MZELWE: a longwave flux of   -497.5 Watts has been calculated for Wall-2:attc @ increment  3416
 This is considered high and a correlation will be used.
 <sky =  -218.3 <buildings = -110.6 <ground = -168.6
 MZELWE: a longwave flux of   -546.0 Watts has been calculated for Wall-2:main @ increment  3439
 This is considered high and a correlation will be used.
 <sky =  -231.6 <buildings = -131.3 <ground = -183.1
 MZELWE: a longwave flux of   -541.9 Watts has been calculated for Wall-2:attc @ increment  3439
 This is considered high and a correlation will be used.
 <sky =  -230.1 <buildings = -130.2 <ground = -181.7
 MZELWE: a longwave flux of   -533.5 Watts has been calculated for Wall-2:main @ increment  3442
 This is considered high and a correlation will be used.
 <sky =  -237.1 <buildings = -125.3 <ground = -171.2
 MZELWE: a longwave flux of   -531.5 Watts has been calculated for Wall-2:attc @ increment  3442
 This is considered high and a correlation will be used.
 <sky =  -236.3 <buildings = -124.7 <ground = -170.5
 MZELWE: a longwave flux of   -682.7 Watts has been calculated for Wall-2:main @ increment  3559
 This is considered high and a correlation will be used.
 <sky =  -284.0 <buildings = -166.3 <ground = -232.4
 MZELWE: a longwave flux of   -677.9 Watts has been calculated for Wall-2:attc @ increment  3559
  
 This is considered high and a correlation will be used.
 <sky =  -282.2 <buildings = -165.0 <ground = -230.7
 MZELWE: a longwave flux of   -990.8 Watts has been calculated for Wall-2:main @ increment  3562
 This is considered high and a correlation will be used.
 <sky =  -407.6 <buildings = -249.2 <ground = -334.0
 MZELWE: a longwave flux of   -986.9 Watts has been calculated for Wall-2:attc @ increment  3562
 This is considered high and a correlation will be used.
 <sky =  -406.1 <buildings = -248.2 <ground = -332.6
 MZELWE: a longwave flux of   -751.2 Watts has been calculated for Wall-4:main @ increment  3593
 This is considered high and a correlation will be used.
 <sky =  -314.7 <buildings = -179.7 <ground = -256.7
 MZELWE: a longwave flux of   -751.9 Watts has been calculated for Wall-4:attc @ increment  3593
 This is considered high and a correlation will be used.
 <sky =  -315.0 <buildings = -179.9 <ground = -257.0
 MZELWE: a longwave flux of   -893.9 Watts has been calculated for Wall-4:main @ increment  3596
 This is considered high and a correlation will be used.
 <sky =  -358.9 <buildings = -225.4 <ground = -309.5
 MZELWE: a longwave flux of   -895.6 Watts has been calculated for Wall-4:attc @ increment  3596
 This is considered high and a correlation will be used.
 <sky =  -359.6 <buildings = -225.9 <ground = -310.2
 MZELWE: a longwave flux of   -498.7 Watts has been calculated for Wall-2:main @ increment  3631
 This is considered high and a correlation will be used.
 <sky =  -215.9 <buildings = -119.8 <ground = -162.9
 MZELWE: a longwave flux of   -508.7 Watts has been calculated for Wall-4:main @ increment  3640
  
 This is considered high and a correlation will be used.
 <sky =  -227.4 <buildings = -116.6 <ground = -164.7
 MZELWE: a longwave flux of   -508.3 Watts has been calculated for Wall-4:attc @ increment  3640
 This is considered high and a correlation will be used.
 <sky =  -227.2 <buildings = -116.4 <ground = -164.6
 MZELWE: a longwave flux of   -638.6 Watts has been calculated for Wall-2:main @ increment  3657
 This is considered high and a correlation will be used.
 <sky =  -270.3 <buildings = -157.2 <ground = -211.0
 MZELWE: a longwave flux of   -633.5 Watts has been calculated for Wall-2:attc @ increment  3657
 This is considered high and a correlation will be used.
 <sky =  -268.4 <buildings = -155.9 <ground = -209.2
 MZELWE: a longwave flux of   -710.2 Watts has been calculated for Wall-4:main @ increment  3664
 This is considered high and a correlation will be used.
 <sky =  -304.5 <buildings = -165.2 <ground = -240.5
 MZELWE: a longwave flux of   -712.0 Watts has been calculated for Wall-4:attc @ increment  3664
 This is considered high and a correlation will be used.
 <sky =  -305.2 <buildings = -165.6 <ground = -241.1
 MZELWE: a longwave flux of   -577.1 Watts has been calculated for Wall-2:main @ increment  4039
 This is considered high and a correlation will be used.
 <sky =  -242.0 <buildings = -139.0 <ground = -196.1
 MZELWE: a longwave flux of   -573.2 Watts has been calculated for Wall-2:attc @ increment  4039
 This is considered high and a correlation will be used.
 <sky =  -240.6 <buildings = -138.0 <ground = -194.7
 MZELWE: a longwave flux of  -1428.0 Watts has been calculated for Wall-2:main @ increment  4042
  
 This is considered high and a correlation will be used.
 <sky =  -571.8 <buildings = -363.0 <ground = -493.3
 MZELWE: a longwave flux of  -1418.8 Watts has been calculated for Wall-2:attc @ increment  4042
 This is considered high and a correlation will be used.
 <sky =  -568.3 <buildings = -360.5 <ground = -490.0
 MZELWE: a longwave flux of   -524.4 Watts has been calculated for Wall-2:main @ increment  4231
 This is considered high and a correlation will be used.
 <sky =  -226.4 <buildings = -116.5 <ground = -181.5
 MZELWE: a longwave flux of   -521.7 Watts has been calculated for Wall-2:attc @ increment  4231
 This is considered high and a correlation will be used.
 <sky =  -225.4 <buildings = -115.8 <ground = -180.5
 MZELWE: a longwave flux of   -694.8 Watts has been calculated for Wall-1:attc @ increment  4236
 This is considered high and a correlation will be used.
 <sky =  -633.8 <buildings =  -11.7 <ground =  -49.2
 MZELWE: a longwave flux of   -626.6 Watts has been calculated for Top-5:attc @ increment  4236
 This is considered high and a correlation will be used.
 <sky =  -626.6 <buildings =    0.0 <ground =    0.0
 MZELWE: a longwave flux of   -643.0 Watts has been calculated for Wall-2:main @ increment  4281
 This is considered high and a correlation will be used.
 <sky =  -266.5 <buildings = -166.9 <ground = -209.6
 MZELWE: a longwave flux of   -639.5 Watts has been calculated for Wall-2:attc @ increment  4281
 This is considered high and a correlation will be used.
 <sky =  -265.1 <buildings = -166.0 <ground = -208.4
 MZELWE: a longwave flux of   -948.6 Watts has been calculated for Wall-2:main @ increment  4282
  
 This is considered high and a correlation will be used.
 <sky =  -397.7 <buildings = -217.9 <ground = -333.0
 MZELWE: a longwave flux of   -591.7 Watts has been calculated for Wall-1:attc @ increment  4282
 This is considered high and a correlation will be used.
 <sky =  -541.3 <buildings =   -8.0 <ground =  -42.4
 MZELWE: a longwave flux of   -946.3 Watts has been calculated for Wall-2:attc @ increment  4282
 This is considered high and a correlation will be used.
 <sky =  -396.8 <buildings = -217.3 <ground = -332.2
 MZELWE: a longwave flux of   -576.6 Watts has been calculated for Top-5:attc @ increment  4282
 This is considered high and a correlation will be used.
 <sky =  -576.6 <buildings =    0.0 <ground =    0.0
 MZELWE: a longwave flux of   -507.3 Watts has been calculated for Wall-2:main @ increment  4305
 This is considered high and a correlation will be used.
 <sky =  -214.4 <buildings = -128.2 <ground = -164.6
 MZELWE: a longwave flux of   -504.1 Watts has been calculated for Wall-2:attc @ increment  4305
 This is considered high and a correlation will be used.
 <sky =  -213.2 <buildings = -127.4 <ground = -163.4
 MZELWE: a longwave flux of   -562.3 Watts has been calculated for Wall-1:attc @ increment  4310
 This is considered high and a correlation will be used.
 <sky =  -514.0 <buildings =   -8.7 <ground =  -39.6
 MZELWE: a longwave flux of   -509.3 Watts has been calculated for Top-5:attc @ increment  4310
 This is considered high and a correlation will be used.
 <sky =  -509.3 <buildings =    0.0 <ground =    0.0
 MZELWE: a longwave flux of   -546.4 Watts has been calculated for Wall-1:attc @ increment  4356
  
 This is considered high and a correlation will be used.
 <sky =  -495.9 <buildings =  -10.9 <ground =  -39.5
 MZELWE: a longwave flux of   -727.6 Watts has been calculated for Wall-1:attc @ increment  4359
 This is considered high and a correlation will be used.
 <sky =  -658.5 <buildings =  -15.4 <ground =  -53.7
 MZELWE: a longwave flux of   -577.3 Watts has been calculated for Top-5:attc @ increment  4359
 This is considered high and a correlation will be used.
 <sky =  -577.3 <buildings =    0.0 <ground =    0.0
 MZELWE: a longwave flux of   -568.2 Watts has been calculated for Wall-2:main @ increment  4401
 This is considered high and a correlation will be used.
 <sky =  -249.1 <buildings = -132.3 <ground = -186.7
 MZELWE: a longwave flux of   -565.2 Watts has been calculated for Wall-2:attc @ increment  4401
 This is considered high and a correlation will be used.
 <sky =  -248.0 <buildings = -131.5 <ground = -185.7
 MZELWE: a longwave flux of   -523.3 Watts has been calculated for Wall-1:attc @ increment  4403
 This is considered high and a correlation will be used.
 <sky =  -480.6 <buildings =   -8.5 <ground =  -34.1
 MZELWE: a longwave flux of   -505.8 Watts has been calculated for Wall-2:main @ increment  4423
 This is considered high and a correlation will be used.
 <sky =  -218.2 <buildings = -116.7 <ground = -171.0
 MZELWE: a longwave flux of   -504.5 Watts has been calculated for Wall-2:attc @ increment  4423
 This is considered high and a correlation will be used.
 <sky =  -217.7 <buildings = -116.4 <ground = -170.5
 MZELWE: a longwave flux of   -631.6 Watts has been calculated for Wall-2:main @ increment  4424
  
 This is considered high and a correlation will be used.
 <sky =  -269.7 <buildings = -144.6 <ground = -217.4
 MZELWE: a longwave flux of   -628.3 Watts has been calculated for Wall-2:attc @ increment  4424
 This is considered high and a correlation will be used.
 <sky =  -268.4 <buildings = -143.7 <ground = -216.2
 MZELWE: a longwave flux of   -863.1 Watts has been calculated for Wall-2:main @ increment  4425
 This is considered high and a correlation will be used.
 <sky =  -360.8 <buildings = -206.7 <ground = -295.5
 MZELWE: a longwave flux of   -859.4 Watts has been calculated for Wall-2:attc @ increment  4425
 This is considered high and a correlation will be used.
 <sky =  -359.5 <buildings = -205.7 <ground = -294.2
 MZELWE: a longwave flux of   -688.5 Watts has been calculated for Wall-2:main @ increment  4449
 This is considered high and a correlation will be used.
 <sky =  -292.0 <buildings = -155.8 <ground = -240.7
 MZELWE: a longwave flux of   -687.2 Watts has been calculated for Wall-2:attc @ increment  4449
 This is considered high and a correlation will be used.
 <sky =  -291.5 <buildings = -155.5 <ground = -240.2
 MZELWE: a longwave flux of   -703.9 Watts has been calculated for Wall-2:main @ increment  4473
 This is considered high and a correlation will be used.
 <sky =  -299.2 <buildings = -172.4 <ground = -232.3
 MZELWE: a longwave flux of   -702.2 Watts has been calculated for Wall-2:attc @ increment  4473
 This is considered high and a correlation will be used.
 <sky =  -298.6 <buildings = -171.9 <ground = -231.7
 MZELWE: a longwave flux of   -976.1 Watts has been calculated for Wall-2:main @ increment  4476
  
 This is considered high and a correlation will be used.
 <sky =  -405.7 <buildings = -247.2 <ground = -323.2
 MZELWE: a longwave flux of   -975.7 Watts has been calculated for Wall-2:attc @ increment  4476
 This is considered high and a correlation will be used.
 <sky =  -405.5 <buildings = -247.1 <ground = -323.0
 MZELWE: a longwave flux of  -1285.5 Watts has been calculated for Wall-2:main @ increment  4479
 This is considered high and a correlation will be used.
 <sky =  -530.2 <buildings = -309.5 <ground = -445.8
 MZELWE: a longwave flux of  -1292.8 Watts has been calculated for Wall-2:attc @ increment  4479
 This is considered high and a correlation will be used.
 <sky =  -533.0 <buildings = -311.4 <ground = -448.4
 MZELWE: a longwave flux of  -1088.6 Watts has been calculated for Wall-2:main @ increment  4482
 This is considered high and a correlation will be used.
 <sky =  -450.7 <buildings = -254.2 <ground = -383.7
 MZELWE: a longwave flux of  -1098.5 Watts has been calculated for Wall-2:attc @ increment  4482
 This is considered high and a correlation will be used.
 <sky =  -454.4 <buildings = -256.8 <ground = -387.3
 MZELWE: a longwave flux of   -671.5 Watts has been calculated for Wall-2:main @ increment  4485
 This is considered high and a correlation will be used.
 <sky =  -270.5 <buildings = -179.1 <ground = -221.9
 MZELWE: a longwave flux of   -676.5 Watts has been calculated for Wall-2:attc @ increment  4485
 This is considered high and a correlation will be used.
 <sky =  -272.4 <buildings = -180.4 <ground = -223.7
 MZELWE: a longwave flux of   -582.3 Watts has been calculated for Wall-2:main @ increment  4488
  
 This is considered high and a correlation will be used.
 <sky =  -235.9 <buildings = -155.2 <ground = -191.2
 MZELWE: a longwave flux of   -582.7 Watts has been calculated for Wall-2:attc @ increment  4488
 This is considered high and a correlation will be used.
 <sky =  -236.1 <buildings = -155.3 <ground = -191.3
 MZELWE: a longwave flux of   -600.7 Watts has been calculated for Wall-2:main @ increment  4497
 This is considered high and a correlation will be used.
 <sky =  -266.9 <buildings = -133.5 <ground = -200.3
 MZELWE: a longwave flux of   -596.5 Watts has been calculated for Wall-2:attc @ increment  4497
 This is considered high and a correlation will be used.
 <sky =  -265.4 <buildings = -132.4 <ground = -198.8
  50 %   complete; expected finish time : Tue Sep  9 10:15:04 2008
 MZELWE: a longwave flux of   -681.0 Watts has been calculated for Wall-2:main @ increment  4569
 This is considered high and a correlation will be used.
 <sky =  -287.1 <buildings = -165.7 <ground = -228.1
 MZELWE: a longwave flux of   -679.5 Watts has been calculated for Wall-2:attc @ increment  4569
 This is considered high and a correlation will be used.
 <sky =  -286.6 <buildings = -165.3 <ground = -227.6
 MZELWE: a longwave flux of   -608.4 Watts has been calculated for Wall-2:main @ increment  4570
 This is considered high and a correlation will be used.
 <sky =  -269.7 <buildings = -129.2 <ground = -209.5
 MZELWE: a longwave flux of   -608.0 Watts has been calculated for Wall-2:attc @ increment  4570
 This is considered high and a correlation will be used.
 <sky =  -269.6 <buildings = -129.0 <ground = -209.4
  
 MZELWE: a longwave flux of   -512.8 Watts has been calculated for Wall-4:main @ increment  4674
 This is considered high and a correlation will be used.
 <sky =  -220.0 <buildings = -116.3 <ground = -176.5
 MZELWE: a longwave flux of   -513.8 Watts has been calculated for Wall-4:attc @ increment  4674
 This is considered high and a correlation will be used.
 <sky =  -220.4 <buildings = -116.6 <ground = -176.8
 MZELWE: a longwave flux of   -645.2 Watts has been calculated for Wall-2:main @ increment  4737
 This is considered high and a correlation will be used.
 <sky =  -273.3 <buildings = -157.5 <ground = -214.4
 MZELWE: a longwave flux of   -642.0 Watts has been calculated for Wall-2:attc @ increment  4737
 This is considered high and a correlation will be used.
 <sky =  -272.1 <buildings = -156.6 <ground = -213.2
 MZELWE: a longwave flux of   -771.3 Watts has been calculated for Wall-2:main @ increment  4740
 This is considered high and a correlation will be used.
 <sky =  -320.8 <buildings = -197.1 <ground = -253.4
 MZELWE: a longwave flux of   -768.0 Watts has been calculated for Wall-2:attc @ increment  4740
 This is considered high and a correlation will be used.
 <sky =  -319.6 <buildings = -196.2 <ground = -252.2
 MZELWE: a longwave flux of   -696.9 Watts has been calculated for Wall-2:main @ increment  4743
 This is considered high and a correlation will be used.
 <sky =  -305.5 <buildings = -148.4 <ground = -242.9
 MZELWE: a longwave flux of   -697.2 Watts has been calculated for Wall-2:attc @ increment  4743
 This is considered high and a correlation will be used.
 <sky =  -305.7 <buildings = -148.5 <ground = -243.0
  
 MZELWE: a longwave flux of  -1078.1 Watts has been calculated for Wall-2:main @ increment  4746
 This is considered high and a correlation will be used.
 <sky =  -452.2 <buildings = -236.1 <ground = -389.8
 MZELWE: a longwave flux of  -1084.6 Watts has been calculated for Wall-2:attc @ increment  4746
 This is considered high and a correlation will be used.
 <sky =  -454.6 <buildings = -237.8 <ground = -392.1
 MZELWE: a longwave flux of  -1107.1 Watts has been calculated for Wall-2:main @ increment  4749
 This is considered high and a correlation will be used.
 <sky =  -431.7 <buildings = -298.8 <ground = -376.5
 MZELWE: a longwave flux of  -1117.6 Watts has been calculated for Wall-2:attc @ increment  4749
 This is considered high and a correlation will be used.
 <sky =  -435.7 <buildings = -301.6 <ground = -380.3
 MZELWE: a longwave flux of   -570.3 Watts has been calculated for Wall-2:main @ increment  4758
 This is considered high and a correlation will be used.
 <sky =  -233.2 <buildings = -150.3 <ground = -186.8
 MZELWE: a longwave flux of   -563.9 Watts has been calculated for Wall-2:attc @ increment  4758
 This is considered high and a correlation will be used.
 <sky =  -230.8 <buildings = -148.6 <ground = -184.5
 MZELWE: a longwave flux of   -537.3 Watts has been calculated for Wall-2:main @ increment  4761
 This is considered high and a correlation will be used.
 <sky =  -232.9 <buildings = -131.9 <ground = -172.5
 MZELWE: a longwave flux of   -533.4 Watts has been calculated for Wall-2:attc @ increment  4761
 This is considered high and a correlation will be used.
 <sky =  -231.4 <buildings = -130.9 <ground = -171.1
  
 MZELWE: a longwave flux of   -592.5 Watts has been calculated for Wall-4:main @ increment  4770
 This is considered high and a correlation will be used.
 <sky =  -243.2 <buildings = -148.4 <ground = -200.9
 MZELWE: a longwave flux of   -595.6 Watts has been calculated for Wall-4:attc @ increment  4770
 This is considered high and a correlation will be used.
 <sky =  -244.3 <buildings = -149.2 <ground = -202.1
 MZELWE: a longwave flux of   -512.1 Watts has been calculated for Wall-2:main @ increment  4783
 This is considered high and a correlation will be used.
 <sky =  -219.4 <buildings = -118.4 <ground = -174.2
 MZELWE: a longwave flux of   -510.3 Watts has been calculated for Wall-2:attc @ increment  4783
 This is considered high and a correlation will be used.
 <sky =  -218.8 <buildings = -118.0 <ground = -173.6
 MZELWE: a longwave flux of   -654.1 Watts has been calculated for Wall-2:main @ increment  4879
 This is considered high and a correlation will be used.
 <sky =  -277.1 <buildings = -152.4 <ground = -224.6
 MZELWE: a longwave flux of   -650.8 Watts has been calculated for Wall-2:attc @ increment  4879
 This is considered high and a correlation will be used.
 <sky =  -275.9 <buildings = -151.5 <ground = -223.4
 MZELWE: a longwave flux of   -529.0 Watts has been calculated for Wall-1:attc @ increment  4883
 This is considered high and a correlation will be used.
 <sky =  -481.0 <buildings =  -11.9 <ground =  -36.1
 MZELWE: a longwave flux of   -504.2 Watts has been calculated for Wall-4:main @ increment  4913
 This is considered high and a correlation will be used.
 <sky =  -217.0 <buildings = -122.2 <ground = -164.9
  
 MZELWE: a longwave flux of   -505.0 Watts has been calculated for Wall-4:attc @ increment  4913
 This is considered high and a correlation will be used.
 <sky =  -217.3 <buildings = -122.4 