the ARGV says core 10
Starting bps in mode text with file ./2259A00144.cfg
and parameters default in silent       mode and no   browsing.
 
ESP-r Integrated Building Performance Simulator (bps).
This is a development copy of bps, based on ESP-r release 11.5.
 
Copyright 2001-2007 Energy Systems Research Unit.
 
Build information:
  - SVN Source:       development_branch@r3459 (unmodified)
  - Platform:         i686:Linux:2.6.24-16-generic
  - Compilers:        gcc-3.4/g++-3.4/g77-3.4
  - Graphics Library: X11
  - XML output:       Supported
 
 standard databases are at /usr/esru/esp-r/databases
Using installed version of esprc file.
 the input file is: ./2259A00144.cfg
Silent-running mode.
Scanning the model description...
 ../../../databases/optics_db                                                                                                                    
 ../../../databases/optics_db                                                                                                                    
 findwhichdbpath ipath is  0
 ../../../databases/plant_db                                                                                                                     
 ../../../databases/plant_db                                                                                                                     
 findwhichdbpath ipath is  0
 ../../../databases/plant_db                                                                                                                     
 ../../../databases/plant_db                                                                                                                     
  ersys ipathpcdb is  0
 The system name is 2259A00144
Scanning the model description...done
 Checking zone descriptions...
 Checking zone descriptions...done
 Checking model topology...
 Checking model topology...done
A systems and building simulation start-up period of  10 days has been specified.
  
 
 Climate data:                           Lond:  2000
 
 Library file: 2259A00144.res
 Warning in AIM2_flue_size.
 Ignore this warning if building is heated
 by an explicit plant network.
 Climate file         : ../../../climate/LONDON.CWEC
 Configuration file   : 2259A00144.cfg
 Configuration name   : 2259A00144
 
 Control file name    : ./2259A00144.ctl
 
 Zone save option     : 5 H3K
 No. of warnings      :     4
 
 Simulation period    :   365 day(s)
                period: Mon-01-Jan@01h00 - Mon-31-Dec@24h00
 Start-up period      :    10 day(s)
 Zone time-steps      :     1 / hr ( 60.00 min. intervals saved at each timestep)
 Number of zones      :     3
 Zone-time increments : 27000
 Zone results db size :     0.0 Kbytes
 Time-step controller :     Not active
  
 
 Simulation has now commenced.
   1 %   complete; expected finish time : Tue Sep  9 10:18:06 2008
   5 %   complete; expected finish time : Tue Sep  9 10:18:06 2008
 MZELWE: a longwave flux of   -561.3 Watts has been calculated for Wall-1:main @ increment   901
 This is considered high and a correlation will be used.
 <sky =  -230.9 <buildings = -134.6 <ground = -195.8
 MZELWE: a longwave flux of   -570.8 Watts has been calculated for Wall-1:attc @ increment  1166
 This is considered high and a correlation will be used.
 <sky =  -514.3 <buildings =  -15.0 <ground =  -41.5
 MZELWE: a longwave flux of   -533.8 Watts has been calculated for Wall-1:attc @ increment  1402
 This is considered high and a correlation will be used.
 <sky =  -479.5 <buildings =  -17.3 <ground =  -37.0
 MZELWE: a longwave flux of   -555.1 Watts has been calculated for Wall-1:main @ increment  1404
 This is considered high and a correlation will be used.
 <sky =  -243.3 <buildings = -122.3 <ground = -189.4
 MZELWE: a longwave flux of   -624.8 Watts has been calculated for Wall-1:attc @ increment  1404
 This is considered high and a correlation will be used.
 <sky =  -561.9 <buildings =  -18.8 <ground =  -44.2
 MZELWE: a longwave flux of   -603.6 Watts has been calculated for Wall-1:main @ increment  1407
 This is considered high and a correlation will be used.
 <sky =  -254.8 <buildings = -145.3 <ground = -203.5
 MZELWE: a longwave flux of   -559.1 Watts has been calculated for Wall-1:main @ increment  1622
 This is considered high and a correlation will be used.
  
 <sky =  -243.2 <buildings = -129.8 <ground = -186.1
 MZELWE: a longwave flux of   -957.7 Watts has been calculated for Wall-1:main @ increment  1625
 This is considered high and a correlation will be used.
 <sky =  -376.2 <buildings = -246.8 <ground = -334.7
 MZELWE: a longwave flux of   -544.3 Watts has been calculated for Wall-1:main @ increment  1862
 This is considered high and a correlation will be used.
 <sky =  -244.0 <buildings = -111.1 <ground = -189.3
 MZELWE: a longwave flux of   -631.5 Watts has been calculated for Wall-1:main @ increment  1933
 This is considered high and a correlation will be used.
 <sky =  -272.4 <buildings = -150.9 <ground = -208.2
 MZELWE: a longwave flux of   -596.7 Watts has been calculated for Wall-1:main @ increment  1936
 This is considered high and a correlation will be used.
 <sky =  -251.8 <buildings = -147.7 <ground = -197.2
 MZELWE: a longwave flux of   -635.3 Watts has been calculated for Wall-2:main @ increment  2169
 This is considered high and a correlation will be used.
 <sky =  -272.1 <buildings = -145.4 <ground = -217.8
 MZELWE: a longwave flux of   -630.8 Watts has been calculated for Wall-2:attc @ increment  2169
 This is considered high and a correlation will be used.
 <sky =  -270.4 <buildings = -144.2 <ground = -216.2
 MZELWE: a longwave flux of   -519.3 Watts has been calculated for Wall-1:attc @ increment  2172
 This is considered high and a correlation will be used.
 <sky =  -470.8 <buildings =  -13.4 <ground =  -35.1
 MZELWE: a longwave flux of   -541.0 Watts has been calculated for Wall-4:main @ increment  2201
 This is considered high and a correlation will be used.
  
 <sky =  -227.1 <buildings = -128.0 <ground = -185.8
 MZELWE: a longwave flux of   -539.9 Watts has been calculated for Wall-4:attc @ increment  2201
 This is considered high and a correlation will be used.
 <sky =  -226.7 <buildings = -127.8 <ground = -185.4
  25 %   complete; expected finish time : Tue Sep  9 10:19:10 2008
 MZELWE: a longwave flux of   -544.5 Watts has been calculated for Wall-2:main @ increment  2624
 This is considered high and a correlation will be used.
 <sky =  -233.5 <buildings = -129.7 <ground = -181.3
 MZELWE: a longwave flux of   -539.0 Watts has been calculated for Wall-2:attc @ increment  2624
 This is considered high and a correlation will be used.
 <sky =  -231.5 <buildings = -128.2 <ground = -179.4
 MZELWE: a longwave flux of   -556.1 Watts has been calculated for Wall-4:main @ increment  2657
 This is considered high and a correlation will be used.
 <sky =  -237.6 <buildings = -129.7 <ground = -188.9
 MZELWE: a longwave flux of   -556.5 Watts has been calculated for Wall-4:attc @ increment  2657
 This is considered high and a correlation will be used.
 <sky =  -237.7 <buildings = -129.8 <ground = -189.0
 MZELWE: a longwave flux of   -657.1 Watts has been calculated for Wall-4:main @ increment  2681
 This is considered high and a correlation will be used.
 <sky =  -272.3 <buildings = -156.1 <ground = -228.7
 MZELWE: a longwave flux of   -660.5 Watts has been calculated for Wall-4:attc @ increment  2681
 This is considered high and a correlation will be used.
 <sky =  -273.6 <buildings = -157.0 <ground = -229.9
 MZELWE: a longwave flux of   -674.0 Watts has been calculated for Wall-2:main @ increment  2840
  
 This is considered high and a correlation will be used.
 <sky =  -283.3 <buildings = -164.7 <ground = -226.1
 MZELWE: a longwave flux of   -668.6 Watts has been calculated for Wall-2:attc @ increment  2840
 This is considered high and a correlation will be used.
 <sky =  -281.2 <buildings = -163.2 <ground = -224.1
 MZELWE: a longwave flux of   -624.4 Watts has been calculated for Wall-2:main @ increment  2843
 This is considered high and a correlation will be used.
 <sky =  -254.8 <buildings = -157.0 <ground = -212.6
 MZELWE: a longwave flux of   -614.6 Watts ha