the ARGV says core 5
Starting bps in mode text with file ./2E02A00137.cfg
and parameters default in silent       mode and no   browsing.
 
ESP-r Integrated Building Performance Simulator (bps).
This is a development copy of bps, based on ESP-r release 11.5.
 
Copyright 2001-2007 Energy Systems Research Unit.
 
Build information:
  - SVN Source:       development_branch@r3459 (unmodified)
  - Platform:         i686:Linux:2.6.24-16-generic
  - Compilers:        gcc-3.4/g++-3.4/g77-3.4
  - Graphics Library: X11
  - XML output:       Supported
 
 standard databases are at /usr/esru/esp-r/databases
Using installed version of esprc file.
 the input file is: ./2E02A00137.cfg
Silent-running mode.
Scanning the model description...
 ../../../databases/optics_db                                                                                                                    
 ../../../databases/optics_db                                                                                                                    
 findwhichdbpath ipath is  0
 ../../../databases/plant_db                                                                                                                     
 ../../../databases/plant_db                                                                                                                     
 findwhichdbpath ipath is  0
 ../../../databases/plant_db                                                                                                                     
 ../../../databases/plant_db                                                                                                                     
  ersys ipathpcdb is  0
 The system name is 2E02A00137
Scanning the model description...done
 Checking zone descriptions...
 Checking zone descriptions...done
 Checking model topology...
 Checking model topology...done
A systems and building simulation start-up period of  10 days has been specified.
  
 
 Climate data:                           Mont:  2000
 
 Library file: 2E02A00137.res
 Warning in AIM2_flue_size.
 Ignore this warning if building is heated
 by an explicit plant network.
 Climate file         : ../../../climate/MONTREAL.CWEC
 Configuration file   : 2E02A00137.cfg
 Configuration name   : 2E02A00137
 
 Control file name    : ./2E02A00137.ctl
 
 Zone save option     : 5 H3K
 No. of warnings      :     4
 
 Simulation period    :   365 day(s)
                period: Mon-01-Jan@01h00 - Mon-31-Dec@24h00
 Start-up period      :    10 day(s)
 Zone time-steps      :     1 / hr ( 60.00 min. intervals saved at each timestep)
 Number of zones      :     3
 Zone-time increments : 27000
 Zone results db size :     0.0 Kbytes
 Time-step controller :     Not active
  
 
 Simulation has now commenced.
 MZELWE: a longwave flux of   -666.1 Watts has been calculated for Wall-1:main @ increment    13
 This is considered high and a correlation will be used.
 <sky =  -279.6 <buildings = -158.0 <ground = -228.5
   1 %   complete; expected finish time : Tue Sep  9 10:18:06 2008
   5 %   complete; expected finish time : Tue Sep  9 10:18:06 2008
 MZELWE: a longwave flux of   -512.9 Watts has been calculated for Wall-1:attc @ increment  1164
 This is considered high and a correlation will be used.
 <sky =  -460.9 <buildings =  -16.3 <ground =  -35.7
 MZELWE: a longwave flux of   -610.9 Watts has been calculated for Wall-1:main @ increment  1165
 This is considered high and a correlation will be used.
 <sky =  -261.1 <buildings = -137.7 <ground = -212.1
 MZELWE: a longwave flux of  -1027.9 Watts has been calculated for Wall-1:attc @ increment  1165
 This is considered high and a correlation will be used.
 <sky =  -908.8 <buildings =  -40.5 <ground =  -78.6
 MZELWE: a longwave flux of   -539.5 Watts has been calculated for Wall-2:main @ increment  1449
 This is considered high and a correlation will be used.
 <sky =  -228.1 <buildings = -129.3 <ground = -182.1
 MZELWE: a longwave flux of   -526.4 Watts has been calculated for Wall-2:attc @ increment  1449
 This is considered high and a correlation will be used.
 <sky =  -223.2 <buildings = -125.8 <ground = -177.4
 MZELWE: a longwave flux of   -518.9 Watts has been calculated for Wall-2:main @ increment  1473
 This is considered high and a correlation will be used.
  
 <sky =  -218.6 <buildings = -126.7 <ground = -173.6
 MZELWE: a longwave flux of   -505.4 Watts has been calculated for Wall-2:attc @ increment  1473
 This is considered high and a correlation will be used.
 <sky =  -213.5 <buildings = -123.1 <ground = -168.8
 MZELWE: a longwave flux of   -868.1 Watts has been calculated for Wall-2:main @ increment  1476
 This is considered high and a correlation will be used.
 <sky =  -354.0 <buildings = -219.8 <ground = -294.3
 MZELWE: a longwave flux of   -836.0 Watts has been calculated for Wall-2:attc @ increment  1476
 This is considered high and a correlation will be used.
 <sky =  -341.9 <buildings = -211.2 <ground = -282.9
 MZELWE: a longwave flux of   -767.1 Watts has been calculated for Wall-2:main @ increment  1479
 This is considered high and a correlation will be used.
 <sky =  -323.3 <buildings = -173.5 <ground = -270.3
 MZELWE: a longwave flux of   -731.0 Watts has been calculated for Wall-2:attc @ increment  1479
 This is considered high and a correlation will be used.
 <sky =  -309.7 <buildings = -163.9 <ground = -257.4
 MZELWE: a longwave flux of   -500.2 Watts has been calculated for Wall-2:main @ increment  1482
 This is considered high and a correlation will be used.
 <sky =  -203.0 <buildings = -133.9 <ground = -163.3
 MZELWE: a longwave flux of   -514.7 Watts has been calculated for Wall-2:main @ increment  1737
 This is considered high and a correlation will be used.
 <sky =  -221.1 <buildings = -122.1 <ground = -171.4
 MZELWE: a longwave flux of   -506.8 Watts has been calculated for Wall-2:attc @ increment  1737
 This is considered high and a correlation will be used.
  
 <sky =  -218.2 <buildings = -120.1 <ground = -168.6
 MZELWE: a longwave flux of   -606.4 Watts has been calculated for Wall-2:main @ increment  1761
 This is considered high and a correlation will be used.
 <sky =  -255.5 <buildings = -146.3 <ground = -204.6
 MZELWE: a longwave flux of   -595.2 Watts has been calculated for Wall-2:attc @ increment  1761
 This is considered high and a correlation will be used.
 <sky =  -251.3 <buildings = -143.3 <ground = -200.6
 MZELWE: a longwave flux of   -548.9 Watts has been calculated for Wall-2:main @ increment  1764
 This is considered high and a correlation will be used.
 <sky =  -235.4 <buildings = -135.5 <ground = -177.9
 MZELWE: a longwave flux of   -534.8 Watts has been calculated for Wall-2:attc @ increment  1764
 This is considered high and a correlation will be used.
 <sky =  -230.1 <buildings = -131.8 <ground = -172.8
 MZELWE: a longwave flux of   -574.3 Watts has been calculated for Wall-2:main @ increment  1785
 This is considered high and a correlation will be used.
 <sky =  -243.0 <buildings = -136.5 <ground = -194.8
 MZELWE: a longwave flux of   -563.0 Watts has been calculated for Wall-2:attc @ increment  1785
 This is considered high and a correlation will be used.
 <sky =  -238.7 <buildings = -133.5 <ground = -190.7
 MZELWE: a longwave flux of   -601.4 Watts has been calculated for Wall-2:main @ increment  1809
 This is considered high and a correlation will be used.
 <sky =  -253.4 <buildings = -142.8 <ground = -205.2
 MZELWE: a longwave flux of   -595.1 Watts has been calculated for Wall-2:attc @ increment  1809
 This is considered high and a correlation will be used.
  
 <sky =  -251.1 <buildings = -141.1 <ground = -202.9
 MZELWE: a longwave flux of   -626.8 Watts has been calculated for Wall-2:main @ increment  2192
 This is considered high and a correlation will be used.
 <sky =  -261.1 <buildings = -153.5 <ground = -212.2
 MZELWE: a longwave flux of   -618.0 Watts has been calculated for Wall-2:attc @ increment  2192
 This is considered high and a correlation will be used.
 <sky =  -257.8 <buildings = -151.1 <ground = -209.1
 MZELWE: a longwave flux of   -746.0 Watts has been calculated for Wall-2:main @ increment  2195
 This is considered high and a correlation will be used.
 <sky =  -310.7 <buildings = -184.0 <ground = -251.4
 MZELWE: a longwave flux of   -734.6 Watts has been calculated for Wall-2:attc @ increment  2195
 This is considered high and a correlation will be used.
 <sky =  -306.4 <buildings = -180.9 <ground = -247.3
  25 %   complete; expected finish time : Tue Sep  9 10:19:18 2008
 MZELWE: a longwave flux of   -509.8 Watts has been calculated for Wall-2:main @ increment  2361
 This is considered high and a correlation will be used.
 <sky =  -221.8 <buildings = -117.8 <ground = -170.1
 MZELWE: a longwave flux of   -502.9 Watts has been calculated for Wall-2:attc @ increment  2361
 This is considered high and a correlation will be used.
 <sky =  -219.3 <buildings = -116.0 <ground = -167.6
 MZELWE: a longwave flux of   -542.4 Watts has been calculated for Wall-2:main @ increment  2456
 This is considered high and a correlation will be used.
 <sky =  -231.2 <buildings = -127.7 <ground = -183.5
 MZELWE: a longwave flux of   -532.1 Watts has been calculated for Wall-2:attc @ increment  2456
  
 This is considered high and a correlation will be used.
 <sky =  -227.3 <buildings = -125.0 <ground = -179.9
 MZELWE: a longwave flux of   -647.1 Watts has been calculated for Wall-2:main @ increment  2650
 This is considered high and a correlation will be used.
 <sky =  -277.2 <buildings = -156.5 <ground = -213.4
 MZELWE: a longwave flux of   -635.6 Watts has been calculated for Wall-2:attc @ increment  2650
 This is considered high and a correlation will be used.
 <sky =  -272.9 <buildings = -153.4 <ground = -209.3
 MZELWE: a longwave flux of   -863.2 Watts has been calculated for Wall-2:main @ increment  2653
 This is considered high and a correlation will be used.
 <sky =  -357.2 <buildings = -220.9 <ground = -285.2
 MZELWE: a longwave flux of   -842.7 Watts has been calculated for Wall-2:attc @ increment  2653
 This is considered high and a correlation will be used.
 <sky =  -349.4 <buildings = -215.4 <ground = -277.8
 MZELWE: a longwave flux of   -956.9 Watts has been calculated for Wall-2:main @ increment  2656
 This is considered high and a correlation will be used.
 <sky =  -407.2 <buildings = -208.3 <ground = -341.4
 MZELWE: a longwave flux of   -936.9 Watts has been calculated for Wall-2:attc @ increment  2656
 This is considered high and a correlation will be used.
 <sky =  -399.7 <buildings = -203.0 <ground = -334.2
 MZELWE: a longwave flux of   -698.3 Watts has been calculated for Wall-2:main @ increment  2659
 This is considered high and a correlation will be used.
 <sky =  -265.3 <buildings = -195.2 <ground = -237.9
 MZELWE: a longwave flux of   -685.9 Watts has been calculated for Wall-2:attc @ increment  2659
  
 This is considered high and a correlation will be used.
 <sky =  -260.6 <buildings = -191.9 <ground = -233.4
 MZELWE: a longwave flux of   -514.1 Watts has been calculated for Wall-2:main @ increment  2662
 This is considered high and a correlation will be used.
 <sky =  -196.7 <buildings = -144.5 <ground = -172.9
 MZELWE: a longwave flux of   -497.1 Watts has been calculated for Wall-2:attc @ increment  2662
 This is considered high and a correlation will be used.
 <sky =  -190.4 <buildings = -140.0 <ground = -166.8
 MZELWE: a longwave flux of   -497.2 Watts has been calculated for Wall-2:main @ increment  2673
 This is considered high and a correlation will be used.
 <sky =  -220.3 <buildings = -113.0 <ground = -164.0
 MZELWE: a longwave flux of   -579.4 Watts has been calculated for Wall-1:attc @ increment  2747
 This is considered high and a correlation will be used.
 <sky =  -526.5 <buildings =  -12.7 <ground =  -40.2
 MZELWE: a longwave flux of   -745.2 Watts has been calculated for Wall-1:attc @ increment  2748
 This is considered high and a correlation will be used.
 <sky =  -668.9 <buildings =  -22.6 <ground =  -53.7
 MZELWE: a longwave flux of   -511.6 Watts has been calculated for Wall-2:main @ increment  3007
 This is considered high and a correlation will be used.
 <sky =  -216.8 <buildings = -124.3 <ground = 