the ARGV says core 11
Starting bps in mode text with file ./22Y2A00010.cfg
and parameters default in silent       mode and no   browsing.
 
ESP-r Integrated Building Performance Simulator (bps).
This is a development copy of bps, based on ESP-r release 11.5.
 
Copyright 2001-2007 Energy Systems Research Unit.
 
Build information:
  - SVN Source:       development_branch@r3459 (unmodified)
  - Platform:         i686:Linux:2.6.24-16-generic
  - Compilers:        gcc-3.4/g++-3.4/g77-3.4
  - Graphics Library: X11
  - XML output:       Supported
 
 standard databases are at /usr/esru/esp-r/databases
Using installed version of esprc file.
 the input file is: ./22Y2A00010.cfg
Silent-running mode.
Scanning the model description...
 ../../../databases/optics_db                                                                                                                    
 ../../../databases/optics_db                                                                                                                    
 findwhichdbpath ipath is  0
 ../../../databases/plant_db                                                                                                                     
 ../../../databases/plant_db                                                                                                                     
 findwhichdbpath ipath is  0
 ../../../databases/plant_db                                                                                                                     
 ../../../databases/plant_db                                                                                                                     
  ersys ipathpcdb is  0
 The system name is 22Y2A00010
Scanning the model description...done
 Checking zone descriptions...
 Checking zone descriptions...done
 Checking model topology...
 Checking model topology...done
A systems and building simulation start-up period of  10 days has been specified.
  
 
 Climate data:                           Toro:  2000
 
 Library file: 22Y2A00010.res
 Warning in AIM2_flue_size.
 Ignore this warning if building is heated
 by an explicit plant network.
 Climate file         : ../../../climate/TORONTO.CWEC
 Configuration file   : 22Y2A00010.cfg
 Configuration name   : 22Y2A00010
 
 Control file name    : ./22Y2A00010.ctl
 
 Zone save option     : 5 H3K
 No. of warnings      :     4
 
 Simulation period    :   365 day(s)
                period: Mon-01-Jan@01h00 - Mon-31-Dec@24h00
 Start-up period      :    10 day(s)
 Zone time-steps      :     1 / hr ( 60.00 min. intervals saved at each timestep)
 Number of zones      :     3
 Zone-time increments : 27000
 Zone results db size :     0.0 Kbytes
 Time-step controller :     Not active
  
 
 Simulation has now commenced.
 MZELWE: a longwave flux of   -499.9 Watts has been calculated for Wall-1:main @ increment    60
 This is considered high and a correlation will be used.
 <sky =  -214.8 <buildings = -118.6 <ground = -166.5
 MZELWE: a longwave flux of  -1724.6 Watts has been calculated for Wall-1:main @ increment    63
 This is considered high and a correlation will be used.
 <sky =  -669.9 <buildings = -448.6 <ground = -606.2
 MZELWE: a longwave flux of   -533.6 Watts has been calculated for Wall-1:main @ increment    66
 This is considered high and a correlation will be used.
 <sky =  -215.0 <buildings = -140.2 <ground = -178.5
   1 %   complete; expected finish time : Tue Sep  9 10:18:06 2008
 MZELWE: a longwave flux of   -571.3 Watts has been calculated for Wall-1:main @ increment   419
 This is considered high and a correlation will be used.
 <sky =  -242.8 <buildings = -135.6 <ground = -193.0
   5 %   complete; expected finish time : Tue Sep  9 10:17:46 2008
 MZELWE: a longwave flux of   -578.5 Watts has been calculated for Wall-1:main @ increment   877
 This is considered high and a correlation will be used.
 <sky =  -246.2 <buildings = -137.5 <ground = -194.8
 MZELWE: a longwave flux of   -506.0 Watts has been calculated for Wall-1:main @ increment   878
 This is considered high and a correlation will be used.
 <sky =  -220.1 <buildings = -114.4 <ground = -171.5
 MZELWE: a longwave flux of   -658.7 Watts has been calculated for Wall-1:attc @ increment  1645
 This is considered high and a correlation will be used.
  
 <sky =  -590.6 <buildings =  -20.9 <ground =  -47.2
 MZELWE: a longwave flux of  -1106.7 Watts has been calculated for Wall-1:attc @ increment  1646
 This is considered high and a correlation will be used.
 <sky =  -977.7 <buildings =  -43.8 <ground =  -85.2
 MZELWE: a longwave flux of   -589.6 Watts has been calculated for Wall-1:attc @ increment  1906
 This is considered high and a correlation will be used.
 <sky =  -529.8 <buildings =  -18.1 <ground =  -41.8
 MZELWE: a longwave flux of   -592.1 Watts has been calculated for Wall-1:main @ increment  1909
 This is considered high and a correlation will be used.
 <sky =  -258.3 <buildings = -127.8 <ground = -206.1
 MZELWE: a longwave flux of   -562.4 Watts has been calculated for Wall-2:main @ increment  2001
 This is considered high and a correlation will be used.
 <sky =  -240.4 <buildings = -135.0 <ground = -187.0
 MZELWE: a longwave flux of   -558.0 Watts has been calculated for Wall-2:attc @ increment  2001
 This is considered high and a correlation will be used.
 <sky =  -238.7 <buildings = -133.8 <ground = -185.4
 MZELWE: a longwave flux of  -1185.6 Watts has been calculated for Wall-2:main @ increment  2004
 This is considered high and a correlation will be used.
 <sky =  -477.2 <buildings = -305.9 <ground = -402.5
 MZELWE: a longwave flux of  -1166.9 Watts has been calculated for Wall-2:attc @ increment  2004
 This is considered high and a correlation will be used.
 <sky =  -470.2 <buildings = -300.9 <ground = -395.8
 MZELWE: a longwave flux of  -1079.5 Watts has been calculated for Wall-2:main @ increment  2007
 This is considered high and a correlation will be used.
  
 <sky =  -447.1 <buildings = -250.7 <ground = -381.7
 MZELWE: a longwave flux of  -1055.1 Watts has been calculated for Wall-2:attc @ increment  2007
 This is considered high and a correlation will be used.
 <sky =  -438.0 <buildings = -244.2 <ground = -373.0
 MZELWE: a longwave flux of   -583.5 Watts has been calculated for Wall-2:main @ increment  2010
 This is considered high and a correlation will be used.
 <sky =  -233.3 <buildings = -145.6 <ground = -204.6
 MZELWE: a longwave flux of   -565.3 Watts has been calculated for Wall-2:attc @ increment  2010
 This is considered high and a correlation will be used.
 <sky =  -226.5 <buildings = -140.8 <ground = -198.1
 MZELWE: a longwave flux of   -515.6 Watts has been calculated for Wall-1:main @ increment  2172
 This is considered high and a correlation will be used.
 <sky =  -226.3 <buildings = -122.9 <ground = -166.4
 MZELWE: a longwave flux of  -1380.9 Watts has been calculated for Wall-1:main @ increment  2175
 This is considered high and a correlation will be used.
 <sky =  -548.7 <buildings = -354.0 <ground = -478.1
 MZELWE: a longwave flux of   -924.6 Watts has been calculated for Wall-1:main @ increment  2178
 This is considered high and a correlation will be used.
 <sky =  -362.8 <buildings = -241.3 <ground = -320.5
  25 %   complete; expected finish time : Tue Sep  9 10:18:58 2008
 MZELWE: a longwave flux of   -551.7 Watts has been calculated for Wall-2:main @ increment  2408
 This is considered high and a correlation will be used.
 <sky =  -235.5 <buildings = -131.7 <ground = -184.6
 MZELWE: a longwave flux of   -541.9 Watts has been calculated for Wall-2:attc @ increment  2408
  
 This is considered high and a correlation will be used.
 <sky =  -231.8 <buildings = -129.1 <ground = -181.0
 MZELWE: a longwave flux of   -688.9 Watts has been calculated for Wall-2:main @ increment  2409
 This is considered high and a correlation will be used.
 <sky =  -295.1 <buildings = -157.0 <ground = -236.8
 MZELWE: a longwave flux of   -674.1 Watts has been calculated for Wall-2:attc @ increment  2409
 This is considered high and a correlation will be used.
 <sky =  -289.5 <buildings = -153.1 <ground = -231.5
 MZELWE: a longwave flux of   -556.2 Watts has been calculated for Wall-2:main @ increment  3008
 This is considered high and a correlation will be used.
 <sky =  -239.8 <buildings = -125.4 <ground = -191.0
 MZELWE: a longwave flux of   -551.0 Watts has been calculated for Wall-2:attc @ increment  3008
 This is considered high and a correlation will be used.
 <sky =  -237.9 <buildings = -124.0 <ground = -189.2
 MZELWE: a longwave flux of   -572.1 Watts has been calculated for Wall-2:main @ increment  3151
 This is considered high and a correlation will be used.
 <sky =  -240.0 <buildings = -139.2 <ground = -192.8
 MZELWE: a longwave flux of   -564.3 Watts has been calculated for Wall-2:attc @ increment  3151
 This is considered high and a correlation will be used.
 <sky =  -237.1 <buildings = -137.1 <ground = -190.1
 MZELWE: a longwave flux of   -842.2 Watts has been calculated for Wall-2:main @ increment  3152
 This is considered high and a correlation will be used.
 <sky =  -352.8 <buildings = -197.4 <ground = -292.0
 MZELWE: a longwave flux of   -830.4 Watts has been calculated for Wall-2:attc @ increment  3152
  
 This is considered high and a correlation will be used.
 <sky =  -348.3 <buildings = -194.2 <ground = -287.8
 MZELWE: a longwave flux of   -620.0 Watts has been calculated for Wall-2:main @ increment  3153
 This is considered high and a correlation will be used.
 <sky =  -272.6 <buildings = -137.6 <ground = -209.8
 MZELWE: a longwave flux of   -610.2 Watts has been calculated for Wall-2:attc @ increment  3153
 This is considered high and a correlation will be used.
 <sky =  -268.9 <buildings = -134.9 <ground = -206.3
 MZELWE: a longwave flux of   -500.9 Watts has been calculated for Wall-2:main @ increment  3271
 This is considered high and a correlation will be used.
 <sky =  -215.0 <buildings = -122.2 <ground = -163.7
 MZELWE: a longwave flux of   -497.3 Watts has been calculated for Wall-2:attc @ increment  3271
 This is considered high and a correlation will be used.
 <sky =  -213.7 <buildings = -121.2 <ground = -162.5
 MZELWE: a longwave flux of   -510.5 Watts has been calculated for Wall-2:main @ increment  3274
 This is considered high and a correlation will be used.
 <sky =  -228.5 <buildings = -117.9 <ground = -164.2
 MZELWE: a longwave flux of   -508.0 Watts has been calculated for Wall-2:attc @ increment  3274
 This is considered high and a correlation will be used.
 <sky =  -227.5 <buildings = -117.2 <ground = -163.3
 MZELWE: a longwave flux of   -509.4 Watts has been calculated for Wall-2:main @ increment  3440
 This is considered high and a correlation will be used.
 <sky =  -220.7 <buildings = -117.4 <ground = -171.4
 MZELWE: a longwave flux of   -508.1 Watts has been calculated for Wall-2:attc @ increment  3440
  
 This is considered high and a correlation will be used.
 <sky =  -220.2 <buildings = -117.0 <ground = -170.9
 MZELWE: a longwave flux of   -556.0 Watts has been calculated for Wall-2:main @ increment  3443
 This is considered high and a correlation will be used.
 <sky =  -222.6 <buildings = -143.7 <ground = -189.7
 MZELWE: a longwave flux of   -553.5 Watts has been calculated for Wall-2:attc @ increment  3443
 This is considered high and a correlation will be used.
 <sky =  -221.6 <buildings = -143.0 <ground = -188.8
 MZELWE: a longwave flux of  -1026.6 Watts has been calculated for Wall-2:main @ increment  3446
 This is considered high and a correlation will be used.
 <sky =  -399.0 <buildings = -267.6 <ground = -360.0
 MZELWE: a longwave flux of  -1021.9 Watts has been calculated for Wall-2:attc @ increment  3446
 This is considered high and a correlation will be used.
 <sky =  -397.3 <buildings = -266.3 <ground = -358.3
 MZELWE: a longwave flux of   -676.3 Watts has been calculated for Wall-2:main @ increment  3449
 This is considered high and a correlation will be used.
 <sky =  -265.1 <buildings = -174.1 <ground = -237.1
 MZELWE: a longwave flux of   -671.8 Watts has been calculated for Wall-2:attc @ increment  3449
 This is considered high and a correlation will be used.
 <sky =  -263.4 <buildings = -172.9 <ground = -