the ARGV says core 9
Starting bps in mode text with file ./1191A00289.cfg
and parameters default in silent       mode and no   browsing.
 
ESP-r Integrated Building Performance Simulator (bps).
This is a development copy of bps, based on ESP-r release 11.5.
 
Copyright 2001-2007 Energy Systems Research Unit.
 
Build information:
  - SVN Source:       development_branch@r3459 (unmodified)
  - Platform:         i686:Linux:2.6.24-16-generic
  - Compilers:        gcc-3.4/g++-3.4/g77-3.4
  - Graphics Library: X11
  - XML output:       Supported
 
 standard databases are at /usr/esru/esp-r/databases
Using installed version of esprc file.
 the input file is: ./1191A00289.cfg
Silent-running mode.
Scanning the model description...
 ../../../databases/optics_db                                                                                                                    
 ../../../databases/optics_db                                                                                                                    
 findwhichdbpath ipath is  0
 ../../../databases/plant_db                                                                                                                     
 ../../../databases/plant_db                                                                                                                     
 findwhichdbpath ipath is  0
 ../../../databases/plant_db                                                                                                                     
 ../../../databases/plant_db                                                                                                                     
  ersys ipathpcdb is  0
 The system name is 1191A00289
Scanning the model description...done
 Checking zone descriptions...
 
FAILURE: in ./1191A00289.bsmt.bsm: 4.66047207909242
 the  found. length value (4.6605) < allowable minumum 5.0000!
 Cannot read length of foundation in zone  2 BASESIMP file.
Starting bps in mode text with file ./1191A00292.cfg
and parameters default in silent       mode and no   browsing.
 
ESP-r Integrated Building Performance Simulator (bps).
This is a development copy of bps, based on ESP-r release 11.5.
 
Copyright 2001-2007 Energy Systems Research Unit.
 
Build information:
  - SVN Source:       development_branch@r3459 (unmodified)
  - Platform:         i686:Linux:2.6.24-16-generic
  - Compilers:        gcc-3.4/g++-3.4/g77-3.4
  - Graphics Library: X11
  - XML output:       Supported
 
 standard databases are at /usr/esru/esp-r/databases
Using installed version of esprc file.
 the input file is: ./1191A00292.cfg
Silent-running mode.
Scanning the model description...
 ../../../databases/optics_db                                                                                                                    
 ../../../databases/optics_db                                                                                                                    
 findwhichdbpath ipath is  0
 ../../../databases/plant_db                                                                                                                     
 ../../../databases/plant_db                                                                                                                     
 findwhichdbpath ipath is  0
 ../../../databases/plant_db                                                                                                                     
 ../../../databases/plant_db                                                                                                                     
  ersys ipathpcdb is  0
 The system name is 1191A00292
Scanning the model description...done
 Checking zone descriptions...
 Checking zone descriptions...done
 Checking model topology...
 Checking model topology...done
A systems and building simulation start-up period of  10 days has been specified.
  
 
 Climate data:                           Toro:  2000
 
 Library file: 1191A00292.res
 Warning in AIM2_flue_size.
 Ignore this warning if building is heated
 by an explicit plant network.
 Climate file         : ../../../climate/TORONTO.CWEC
 Configuration file   : 1191A00292.cfg
 Configuration name   : 1191A00292
 
 Control file name    : ./1191A00292.ctl
 
 Zone save option     : 5 H3K
 No. of warnings      :     4
 
 Simulation period    :   365 day(s)
                period: Mon-01-Jan@01h00 - Mon-31-Dec@24h00
 Start-up period      :    10 day(s)
 Zone time-steps      :     1 / hr ( 60.00 min. intervals saved at each timestep)
 Number of zones      :     3
 Zone-time increments : 27000
 Zone results db size :     0.0 Kbytes
 Time-step controller :     Not active
  
 
 Simulation has now commenced.
 MZELWE: a longwave flux of   -499.8 Watts has been calculated for Wall-1:main @ increment    60
 This is considered high and a correlation will be used.
 <sky =  -214.7 <buildings = -118.6 <ground = -166.5
 MZELWE: a longwave flux of  -1724.4 Watts has been calculated for Wall-1:main @ increment    63
 This is considered high and a correlation will be used.
 <sky =  -669.8 <buildings = -448.5 <ground = -606.1
 MZELWE: a longwave flux of   -533.4 Watts has been calculated for Wall-1:main @ increment    66
 This is considered high and a correlation will be used.
 <sky =  -214.9 <buildings = -140.1 <ground = -178.4
   1 %   complete; expected finish time : Tue Sep  9 10:19:46 2008
 MZELWE: a longwave flux of   -571.3 Watts has been calculated for Wall-1:main @ increment   419
 This is considered high and a correlation will be used.
 <sky =  -242.8 <buildings = -135.6 <ground = -192.9
   5 %   complete; expected finish time : Tue Sep  9 10:17:46 2008
 MZELWE: a longwave flux of   -578.5 Watts has been calculated for Wall-1:main @ increment   877
 This is considered high and a correlation will be used.
 <sky =  -246.1 <buildings = -137.5 <ground = -194.8
 MZELWE: a longwave flux of   -506.1 Watts has been calculated for Wall-1:main @ increment   878
 This is considered high and a correlation will be used.
 <sky =  -220.1 <buildings = -114.4 <ground = -171.6
 MZELWE: a longwave flux of   -659.1 Watts has been calculated for Wall-1:attc @ increment  1645
 This is considered high and a correlation will be used.
  
 <sky =  -590.5 <buildings =  -21.1 <ground =  -47.6
 MZELWE: a longwave flux of  -1107.5 Watts has been calculated for Wall-1:attc @ increment  1646
 This is considered high and a correlation will be used.
 <sky =  -977.5 <buildings =  -44.1 <ground =  -85.8
 MZELWE: a longwave flux of   -589.9 Watts has been calculated for Wall-1:attc @ increment  1906
 This is considered high and a correlation will be used.
 <sky =  -529.5 <buildings =  -18.2 <ground =  -42.1
 MZELWE: a longwave flux of   -592.2 Watts has been calculated for Wall-1:main @ increment  1909
 This is considered high and a correlation will be used.
 <sky =  -258.3 <buildings = -127.8 <ground = -206.1
 MZELWE: a longwave flux of   -562.4 Watts has been calculated for Wall-2:main @ increment  2001
 This is considered high and a correlation will be used.
 <sky =  -240.4 <buildings = -135.0 <ground = -187.0
 MZELWE: a longwave flux of   -558.0 Watts has been calculated for Wall-2:attc @ increment  2001
 This is considered high and a correlation will be used.
 <sky =  -238.7 <buildings = -133.8 <ground = -185.4
 MZELWE: a longwave flux of  -1185.5 Watts has been calculated for Wall-2:main @ increment  2004
 This is considered high and a correlation will be used.
 <sky =  -477.2 <buildings = -305.8 <ground = -402.5
 MZELWE: a longwave flux of  -1166.8 Watts has been calculated for Wall-2:attc @ increment  2004
 This is considered high and a correlation will be used.
 <sky =  -470.1 <buildings = -300.9 <ground = -395.8
 MZELWE: a longwave flux of  -1079.2 Watts has been calculated for Wall-2:main @ increment  2007
 This is considered high and a correlation will be used.
  
 <sky =  -447.0 <buildings = -250.6 <ground = -381.6
 MZELWE: a longwave flux of  -1055.1 Watts has been calculated for Wall-2:attc @ increment  2007
 This is considered high and a correlation will be used.
 <sky =  -437.9 <buildings = -244.2 <ground = -373.0
 MZELWE: a longwave flux of   -583.3 Watts has been calculated for Wall-2:main @ increment  2010
 This is considered high and a correlation will be used.
 <sky =  -233.2 <buildings = -145.6 <ground = -204.5
 MZELWE: a longwave flux of   -565.2 Watts has been calculated for Wall-2:attc @ increment  2010
 This is considered high and a correlation will be used.
 <sky =  -226.4 <buildings = -140.8 <ground = -198.0
 MZELWE: a longwave flux of   -515.6 Watts has been calculated for Wall-1:main @ increment  2172
 This is considered high and a correlation will be used.
 <sky =  -226.4 <buildings = -122.9 <ground = -166.4
 MZELWE: a longwave flux of  -1381.0 Watts has been calculated for Wall-1:main @ increment  2175
 This is considered high and a correlation will be used.
 <sky =  -548.8 <buildings = -354.0 <ground = -478.2
 MZELWE: a longwave flux of   -924.5 Watts has been calculated for Wall-1:main @ increment  2178
 This is considered high and a correlation will be used.
 <sky =  -362.8 <buildings = -241.3 <ground = -320.5
  25 %   complete; expected finish time : Tue Sep  9 10:19:06 2008
 MZELWE: a longwave flux of   -551.7 Watts has been calculated for Wall-2:main @ increment  2408
 This is considered high and a correlation will be used.
 <sky =  -235.5 <buildings = -131.7 <ground = -184.5
 MZELWE: a longwave flux of   -541.9 Watts has been calculated for Wall-2:attc @ increment  2408
  
 This is considered high and a correlation will be used.
 <sky =  -231.8 <buildings = -129.1 <ground = -181.0
 MZELWE: a longwave flux of   -688.8 Watts has been calculated for Wall-2:main @ increment  2409
 This is considered high and a correlation will be used.
 <sky =  -295.1 <buildings = -157.0 <ground = -236.7
 MZELWE: a longwave flux of   -674.0 Watts has been calculated for Wall-2:attc @ increment  2409
 This is considered high and a correlation will be used.
 <sky =  -289.5 <buildings = -153.1 <ground = -231.5
 MZELWE: a longwave flux of   -556.2 Watts h