the ARGV says core 6
Starting bps in mode text with file ./2Z11A00030.cfg
and parameters default in silent       mode and no   browsing.
 
ESP-r Integrated Building Performance Simulator (bps).
This is a development copy of bps, based on ESP-r release 11.5.
 
Copyright 2001-2007 Energy Systems Research Unit.
 
Build information:
  - SVN Source:       development_branch@r3459 (unmodified)
  - Platform:         i686:Linux:2.6.24-16-generic
  - Compilers:        gcc-3.4/g++-3.4/g77-3.4
  - Graphics Library: X11
  - XML output:       Supported
 
 standard databases are at /usr/esru/esp-r/databases
Using installed version of esprc file.
 the input file is: ./2Z11A00030.cfg
Silent-running mode.
Scanning the model description...
 ../../../databases/optics_db                                                                                                                    
 ../../../databases/optics_db                                                                                                                    
 findwhichdbpath ipath is  0
 ../../../databases/plant_db                                                                                                                     
 ../../../databases/plant_db                                                                                                                     
 findwhichdbpath ipath is  0
 ../../../databases/plant_db                                                                                                                     
 ../../../databases/plant_db                                                                                                                     
  ersys ipathpcdb is  0
 The system name is 2Z11A00030
Scanning the model description...done
 Checking zone descriptions...
 Checking zone descriptions...done
 Checking model topology...
 Checking model topology...done
A systems and building simulation start-up period of  10 days has been specified.
  
 
 Climate data:                           Mont:  2000
 
 Library file: 2Z11A00030.res
 Warning in AIM2_flue_size.
 Ignore this warning if building is heated
 by an explicit plant network.
 Climate file         : ../../../climate/MONTREAL.CWEC
 Configuration file   : 2Z11A00030.cfg
 Configuration name   : 2Z11A00030
 
 Control file name    : ./2Z11A00030.ctl
 
 Zone save option     : 5 H3K
 No. of warnings      :     4
 
 Simulation period    :   365 day(s)
                period: Mon-01-Jan@01h00 - Mon-31-Dec@24h00
 Start-up period      :    10 day(s)
 Zone time-steps      :     1 / hr ( 60.00 min. intervals saved at each timestep)
 Number of zones      :     3
 Zone-time increments : 27000
 Zone results db size :     0.0 Kbytes
 Time-step controller :     Not active
  
 
 Simulation has now commenced.
 MZELWE: a longwave flux of   -665.2 Watts has been calculated for Wall-1:main @ increment    13
 This is considered high and a correlation will be used.
 <sky =  -279.2 <buildings = -157.9 <ground = -228.1
   1 %   complete; expected finish time : Tue Sep  9 10:18:06 2008
   5 %   complete; expected finish time : Tue Sep  9 10:18:06 2008
 MZELWE: a longwave flux of   -512.7 Watts has been calculated for Wall-1:attc @ increment  1164
 This is considered high and a correlation will be used.
 <sky =  -460.7 <buildings =  -16.3 <ground =  -35.7
 MZELWE: a longwave flux of   -610.5 Watts has been calculated for Wall-1:main @ increment  1165
 This is considered high and a correlation will be used.
 <sky =  -260.9 <buildings = -137.7 <ground = -211.9
 MZELWE: a longwave flux of  -1027.5 Watts has been calculated for Wall-1:attc @ increment  1165
 This is considered high and a correlation will be used.
 <sky =  -908.3 <buildings =  -40.5 <ground =  -78.6
 MZELWE: a longwave flux of   -539.0 Watts has been calculated for Wall-2:main @ increment  1449
 This is considered high and a correlation will be used.
 <sky =  -227.9 <buildings = -129.2 <ground = -181.9
 MZELWE: a longwave flux of   -526.3 Watts has been calculated for Wall-2:attc @ increment  1449
 This is considered high and a correlation will be used.
 <sky =  -223.1 <buildings = -125.8 <ground = -177.4
 MZELWE: a longwave flux of   -518.2 Watts has been calculated for Wall-2:main @ increment  1473
 This is considered high and a correlation will be used.
  
 <sky =  -218.3 <buildings = -126.6 <ground = -173.4
 MZELWE: a longwave flux of   -505.2 Watts has been calculated for Wall-2:attc @ increment  1473
 This is considered high and a correlation will be used.
 <sky =  -213.4 <buildings = -123.1 <ground = -168.7
 MZELWE: a longwave flux of   -866.3 Watts has been calculated for Wall-2:main @ increment  1476
 This is considered high and a correlation will be used.
 <sky =  -353.3 <buildings = -219.3 <ground = -293.7
 MZELWE: a longwave flux of   -835.3 Watts has been calculated for Wall-2:attc @ increment  1476
 This is considered high and a correlation will be used.
 <sky =  -341.7 <buildings = -211.1 <ground = -282.6
 MZELWE: a longwave flux of   -764.7 Watts has been calculated for Wall-2:main @ increment  1479
 This is considered high and a correlation will be used.
 <sky =  -322.4 <buildings = -172.9 <ground = -269.5
 MZELWE: a longwave flux of   -730.1 Watts has been calculated for Wall-2:attc @ increment  1479
 This is considered high and a correlation will be used.
 <sky =  -309.4 <buildings = -163.7 <ground = -257.1
 MZELWE: a longwave flux of   -498.6 Watts has been calculated for Wall-2:main @ increment  1482
 This is considered high and a correlation will be used.
 <sky =  -202.4 <buildings = -133.5 <ground = -162.7
 MZELWE: a longwave flux of   -514.2 Watts has been calculated for Wall-2:main @ increment  1737
 This is considered high and a correlation will be used.
 <sky =  -220.9 <buildings = -122.1 <ground = -171.2
 MZELWE: a longwave flux of   -506.7 Watts has been calculated for Wall-2:attc @ increment  1737
 This is considered high and a correlation will be used.
  
 <sky =  -218.1 <buildings = -120.1 <ground = -168.5
 MZELWE: a longwave flux of   -606.0 Watts has been calculated for Wall-2:main @ increment  1761
 This is considered high and a correlation will be used.
 <sky =  -255.3 <buildings = -146.2 <ground = -204.4
 MZELWE: a longwave flux of   -595.0 Watts has been calculated for Wall-2:attc @ increment  1761
 This is considered high and a correlation will be used.
 <sky =  -251.2 <buildings = -143.3 <ground = -200.5
 MZELWE: a longwave flux of   -548.1 Watts has been calculated for Wall-2:main @ increment  1764
 This is considered high and a correlation will be used.
 <sky =  -235.2 <buildings = -135.4 <ground = -177.6
 MZELWE: a longwave flux of   -534.5 Watts has been calculated for Wall-2:attc @ increment  1764
 This is considered high and a correlation will be used.
 <sky =  -230.0 <buildings = -131.7 <ground = -172.7
 MZELWE: a longwave flux of   -573.9 Watts has been calculated for Wall-2:main @ increment  1785
 This is considered high and a correlation will be used.
 <sky =  -242.8 <buildings = -136.5 <ground = -194.6
 MZELWE: a longwave flux of   -562.9 Watts has been calculated for Wall-2:attc @ increment  1785
 This is considered high and a correlation will be used.
 <sky =  -238.6 <buildings = -133.6 <ground = -190.7
 MZELWE: a longwave flux of   -601.2 Watts has been calculated for Wall-2:main @ increment  1809
 This is considered high and a correlation will be used.
 <sky =  -253.3 <buildings = -142.8 <ground = -205.1
 MZELWE: a longwave flux of   -595.0 Watts has been calculated for Wall-2:attc @ increment  1809
 This is considered high and a correlation will be used.
  
 <sky =  -251.0 <buildings = -141.1 <ground = -202.9
 MZELWE: a longwave flux of   -626.2 Watts has been calculated for Wall-2:main @ increment  2192
 This is considered high and a correlation will be used.
 <sky =  -260.9 <buildings = -153.3 <ground = -212.0
 MZELWE: a longwave flux of   -617.8 Watts has been calculated for Wall-2:attc @ increment  2192
 This is considered high and a correlation will be used.
 <sky =  -257.7 <buildings = -151.1 <ground = -209.0
 MZELWE: a longwave flux of   -745.1 Watts has been calculated for Wall-2:main @ increment  2195
 This is considered high and a correlation will be used.
 <sky =  -310.3 <buildings = -183.8 <ground = -251.0
 MZELWE: a longwave flux of   -734.3 Watts has been calculated for Wall-2:attc @ increment  2195
 This is considered high and a correlation will be used.
 <sky =  -306.2 <buildings = -180.9 <ground = -247.2
  25 %   complete; expected finish time : Tue Sep  9 10:19:18 2008
 MZELWE: a longwave flux of   -509.4 Watts has been calculated for Wall-2:main @ increment  2361
 This is considered high and a correlation will be used.
 <sky =  -221.7 <buildings = -117.8 <ground = -169.9
 MZELWE: a longwave flux of   -502.8 Watts has been calculated for Wall-2:attc @ increment  2361
 This is considered high and a correlation will be used.
 <sky =  -219.2 <buildings = -116.0 <ground = -167.6
 MZELWE: a longwave flux of   -541.8 Watts has been calculated for Wall-2:main @ increment  2456
 This is considered high and a correlation will be used.
 <sky =  -230.9 <buildings = -127.6 <ground = -183.3
 MZELWE: a longwave flux of   -531.9 Watts has been calculated for Wall-2:attc @ increment  2456
  
 This is considered high and a correlation will be used.
 <sky =  -227.2 <buildings = -125.0 <ground = -179.8
 MZELWE: a longwave flux of   -646.0 Watts has been calculated for Wall-2:main @ increment  2650
 This is considered high and a correlation will be used.
 <sky =  -276.8 <buildings = -156.2 <ground = -213.0
 MZELWE: a longwave flux of   -635.3 Watts has been calculated for Wall-2:attc @ increment  2650
 This is considered high and a correlation will be used.
 <sky =  -272.7 <buildings = -153.3 <ground = -209.2
 MZELWE: a longwave flux of   -860.8 Watts has been calculated for Wall-2:main @ increment  2653
 This is considered high and a correlation will be used.
 <sky =  -356.2 <buildings = -220.3 <ground = -284.3
 MZELWE: a longwave flux of   -841.7 Watts has been calculated for Wall-2:attc @ increment  2653
 This is considered high and a correlation will be used.
 <sky =  -349.1 <buildings = -215.2 <ground = -277.5
 MZELWE: a longwave flux of   -953.7 Watts has been calculated for Wall-2:main @ increment  2656
 This is considered high and a correlation will be used.
 <sky =  -406.0 <buildings = -207.5 <ground = -340.2
 MZELWE: a longwave flux of   -935.7 Watts has been calculated for Wall-2:attc @ increment  2656
 This is considered high and a correlation will be used.
 <sky =  -399.2 <buildings = -202.7 <ground = -333.7
 MZELWE: a longwave flux of   -696.2 Watts has been calculated for Wall-2:main @ increment  2659
 This is considered high and a correlation will be used.
 <sky =  -264.5 <buildings = -194.6 <ground = -237.1
 MZELWE: a longwave flux of   -685.1 Watts has been calculated for Wall-2:attc @ increment  2659
  
 This is considered high and a correlation will be used.
 <sky =  -260.3 <buildings = -191.7 <ground = -233.1
 MZELWE: a longwave flux of   -512.0 Watts has been calculated for Wall-2:main @ increment  2662
 This is considered high and a correlation will be used.
 <sky =  -195.9 <buildings = -143.9 <ground = -172.1
 MZELWE: a longwave flux of   -496.3 Watts has been calculated for Wall-2:attc @ increment  2662
 This is considered high and a correlation will be used.
 <sky =  -190.1 <buildings = -139.8 <ground = -166.5
 MZELWE: a longwave flux of   -496.4 Watts has been calculated for Wall-2:main @ increment  2673
 This is considered high and a correlation will be used.
 <sky =  -219.9 <buildings = -112.8 <ground = -163.7
 MZELWE: a longwave flux of   -579.2 Watts has been calculated for Wall-1:attc @ increment  2747
 This is considered high and a correlation will be used.
 <sky =  -526.3 <buildings =  -12.7 <ground =  -40.2
 MZELWE: a longwave flux of   -744.9 Watts has been calculated for Wall-1:attc @ increment  2748
 This is considered high and a correlation will be used.
 <sky =  -668.6 <buildings =  -22.6 <ground =  -53.7
 MZELWE: a longwave flux of   -511.1 Watts has been calculated for Wall-2:main @ increment  3007
 This is considered high and a correlation will be used.
 <sky =  -216.6 <buildings = -124.2 <ground = 