the ARGV says core 13
Starting bps in mode text with file ./2247A00035.cfg
and parameters default in silent       mode and no   browsing.
 
ESP-r Integrated Building Performance Simulator (bps).
This is a development copy of bps, based on ESP-r release 11.5.
 
Copyright 2001-2007 Energy Systems Research Unit.
 
Build information:
  - SVN Source:       development_branch@r3459 (unmodified)
  - Platform:         i686:Linux:2.6.24-16-generic
  - Compilers:        gcc-3.4/g++-3.4/g77-3.4
  - Graphics Library: X11
  - XML output:       Supported
 
 standard databases are at /usr/esru/esp-r/databases
Using installed version of esprc file.
 the input file is: ./2247A00035.cfg
Silent-running mode.
Scanning the model description...
 ../../../databases/optics_db                                                                                                                    
 ../../../databases/optics_db                                                                                                                    
 findwhichdbpath ipath is  0
 ../../../databases/plant_db                                                                                                                     
 ../../../databases/plant_db                                                                                                                     
 findwhichdbpath ipath is  0
 ../../../databases/plant_db                                                                                                                     
 ../../../databases/plant_db                                                                                                                     
  ersys ipathpcdb is  0
 The system name is 2247A00035
Scanning the model description...done
 Checking zone descriptions...
 Checking zone descriptions...done
 Checking model topology...
 Checking model topology...done
A systems and building simulation start-up period of  10 days has been specified.
  
 
 Climate data:                           edmo:  1967
 
 Library file: 2247A00035.res
 Warning in AIM2_flue_size.
 Ignore this warning if building is heated
 by an explicit plant network.
 Climate file         : ../../../climate/EDMONTON.CWEC
 Configuration file   : 2247A00035.cfg
 Configuration name   : 2247A00035
 
 Control file name    : ./2247A00035.ctl
 
 Zone save option     : 5 H3K
 No. of warnings      :     4
 
 Simulation period    :   365 day(s)
                period: Mon-01-Jan@01h00 - Mon-31-Dec@24h00
 Start-up period      :    10 day(s)
 Zone time-steps      :     1 / hr ( 60.00 min. intervals saved at each timestep)
 Number of zones      :     3
 Zone-time increments : 27000
 Zone results db size :     0.0 Kbytes
 Time-step controller :     Not active
  
 
 Simulation has now commenced.
   1 %   complete; expected finish time : Tue Sep  9 10:18:06 2008
   5 %   complete; expected finish time : Tue Sep  9 10:18:06 2008
 MZELWE: a longwave flux of   -537.3 Watts has been calculated for Wall-1:main @ increment   662
 This is considered high and a correlation will be used.
 <sky =  -230.0 <buildings = -123.2 <ground = -184.1
 MZELWE: a longwave flux of   -499.9 Watts has been calculated for Wall-1:main @ increment   948
 This is considered high and a correlation will be used.
 <sky =  -215.5 <buildings = -112.1 <ground = -172.2
 MZELWE: a longwave flux of   -499.1 Watts has been calculated for Wall-1:attc @ increment   948
 This is considered high and a correlation will be used.
 <sky =  -446.3 <buildings =  -17.5 <ground =  -35.3
 MZELWE: a longwave flux of   -824.0 Watts has been calculated for Wall-1:main @ increment   949
 This is considered high and a correlation will be used.
 <sky =  -337.4 <buildings = -198.9 <ground = -287.6
 MZELWE: a longwave flux of   -905.2 Watts has been calculated for Wall-1:attc @ increment   949
 This is considered high and a correlation will be used.
 <sky =  -799.7 <buildings =  -36.2 <ground =  -69.3
 MZELWE: a longwave flux of   -571.5 Watts has been calculated for Wall-1:main @ increment  1046
 This is considered high and a correlation will be used.
 <sky =  -241.7 <buildings = -131.9 <ground = -197.8
 MZELWE: a longwave flux of   -551.5 Watts has been calculated for Wall-1:attc @ increment  1046
 This is considered high and a correlation will be used.
  
 <sky =  -492.0 <buildings =  -19.6 <ground =  -39.9
 MZELWE: a longwave flux of   -632.6 Watts has been calculated for Wall-1:main @ increment  1070
 This is considered high and a correlation will be used.
 <sky =  -264.2 <buildings = -151.6 <ground = -216.8
 MZELWE: a longwave flux of   -612.3 Watts has been calculated for Wall-1:attc @ increment  1070
 This is considered high and a correlation will be used.
 <sky =  -545.0 <buildings =  -22.9 <ground =  -44.4
 MZELWE: a longwave flux of   -503.9 Watts has been calculated for Wall-1:main @ increment  1092
 This is considered high and a correlation will be used.
 <sky =  -215.2 <buildings = -114.7 <ground = -173.9
 MZELWE: a longwave flux of   -504.0 Watts has been calculated for Wall-1:main @ increment  1187
 This is considered high and a correlation will be used.
 <sky =  -218.9 <buildings = -112.5 <ground = -172.6
 MZELWE: a longwave flux of   -532.2 Watts has been calculated for Wall-1:attc @ increment  1380
 This is considered high and a correlation will be used.
 <sky =  -476.7 <buildings =  -18.4 <ground =  -37.0
 MZELWE: a longwave flux of   -701.0 Watts has been calculated for Wall-1:main @ increment  1550
 This is considered high and a correlation will be used.
 <sky =  -293.1 <buildings = -166.5 <ground = -241.4
 MZELWE: a longwave flux of   -704.8 Watts has been calculated for Wall-1:attc @ increment  1550
 This is considered high and a correlation will be used.
 <sky =  -627.2 <buildings =  -25.9 <ground =  -51.7
 MZELWE: a longwave flux of   -541.6 Watts has been calculated for Wall-1:main @ increment  1551
 This is considered high and a correlation will be used.
  
 <sky =  -231.4 <buildings = -124.3 <ground = -186.0
 MZELWE: a longwave flux of   -611.1 Watts has been calculated for Wall-1:attc @ increment  1551
 This is considered high and a correlation will be used.
 <sky =  -543.0 <buildings =  -23.8 <ground =  -44.3
 MZELWE: a longwave flux of   -598.2 Watts has been calculated for Wall-1:main @ increment  1596
 This is considered high and a correlation will be used.
 <sky =  -256.6 <buildings = -136.3 <ground = -205.2
 MZELWE: a longwave flux of   -598.1 Watts has been calculated for Wall-1:attc @ increment  1596
 This is considered high and a correlation will be used.
 <sky =  -535.2 <buildings =  -20.4 <ground =  -42.4
 MZELWE: a longwave flux of   -955.1 Watts has been calculated for Wall-1:main @ increment  1597
 This is considered high and a correlation will be used.
 <sky =  -391.6 <buildings = -230.6 <ground = -333.0
 MZELWE: a longwave flux of  -1088.0 Watts has been calculated for Wall-1:attc @ increment  1597
 This is considered high and a correlation will be used.
 <sky =  -960.4 <buildings =  -44.3 <ground =  -83.3
 MZELWE: a longwave flux of   -516.9 Watts has been calculated for Wall-2:main @ increment  1737
 This is considered high and a correlation will be used.
 <sky =  -217.9 <buildings = -126.0 <ground = -173.0
 MZELWE: a longwave flux of   -507.2 Watts has been calculated for Wall-2:attc @ increment  1737
 This is considered high and a correlation will be used.
 <sky =  -214.2 <buildings = -123.4 <ground = -169.6
 MZELWE: a longwave flux of   -538.6 Watts has been calculated for Wall-2:main @ increment  1740
 This is considered high and a correlation will be used.
  
 <sky =  -229.2 <buildings = -131.8 <ground = -177.6
 MZELWE: a longwave flux of   -524.3 Watts has been calculated for Wall-2:attc @ increment  1740
 This is considered high and a correlation will be used.
 <sky =  -223.8 <buildings = -128.0 <ground = -172.5
 MZELWE: a longwave flux of   -525.2 Watts has been calculated for Wall-4:main @ increment  1744
 This is considered high and a correlation will be used.
 <sky =  -206.6 <buildings = -153.2 <ground = -165.3
 MZELWE: a longwave flux of   -521.5 Watts has been calculated for Wall-4:attc @ increment  1744
 This is considered high and a correlation will be used.
 <sky =  -205.2 <buildings = -152.2 <ground = -164.0
 MZELWE: a longwave flux of   -655.8 Watts has been calculated for Wall-1:main @ increment  1812
 This is considered high and a correlation will be used.
 <sky =  -280.5 <buildings = -145.5 <ground = -229.8
 MZELWE: a longwave flux of   -773.4 Watts has been calculated for Wall-1:attc @ increment  1812
 This is considered high and a correlation will be used.
 <sky =  -689.4 <buildings =  -26.3 <ground =  -57.7
 MZELWE: a longwave flux of   -897.6 Watts has been calculated for Wall-1:main @ increment  1813
 This is considered high and a correlation will be used.
 <sky =  -372.7 <buildings = -209.6 <ground = -315.3
 MZELWE: a longwave flux of  -1010.6 Watts has been calculated for Wall-1:attc @ increment  1813
 This is considered high and a correlation will be used.
 <sky =  -894.5 <buildings =  -39.1 <ground =  -77.0
 MZELWE: a longwave flux of   -728.4 Watts has been calculated for Wall-1:main @ increment  1814
 This is considered high and a correlation will be used.
  
 <sky =  -303.0 <buildings = -172.5 <ground = -252.8
 MZELWE: a longwave flux of   -882.8 Watts has been calculated for Wall-1:attc @ increment  1814
 This is considered high and a correlation will be used.
 <sky =  -780.1 <buildings =  -35.8 <ground =  -66.9
 MZELWE: a longwave flux of   -547.7 Watts has been calculated for Wall-1:main @ increment  1838
 This is considered high and a correlation will be used.
 <sky =  -235.1 <buildings = -128.6 <ground = -184.0
 MZELWE: a longwave flux of   -543.9 Watts has been calculated for Wall-1:attc @ increment  2029
 This is considered high and a correlation will be used.
 <sky =  -489.9 <buildings =  -17.0 <ground =  -36.9
 MZELWE: a longwave flux of   -548.7 Watts has been calculated for Wall-1:attc @ increment  2099
 This is considered high and a correlation will be used.
 <sky =  -492.9 <buildings =  -17.9 <ground =  -37.9
 MZELWE: a longwave flux of   -583.6 Watts has been calculated for Wall-1:attc @ increment  2102
 This is considered high and a correlation will be used.
 <sky =  -525.6 <buildings =  -17.6 <ground =  -40.5
 MZELWE: a longwave flux of   -557.2 Watts has been calculated for Wall-4:main @ increment  2105
 This is considered high and a correlation will be used.
 <sky =  -237.6 <buildings = -127.1 <ground = -192.5
 MZELWE: a longwave flux of   -553.9 Watts has been calculated for Wall-4:attc @ increment  2105
 This is considered high and a correlation will be used.
 <sky =  -236.4 <buildings = -126.2 <ground = -191.3
  25 %   complete; expected finish time : Tue Sep  9 10:19:14 2008
 MZELWE: a longwave flux of   -553.3 Watts has been calculated for Wall-1:main @ increment  2436
  
 This is considered high and a correlation will be used.
 <sky =  -240.9 <buildings = -124.3 <ground = -188.1
 MZELWE: a longwave flux of   -558.8 Watts has been calculated for Wall-1:main @ increment  2629
 This is considered high and a correlation will be used.
 <sky =  -248.1 <buildings = -124.0 <ground = -186.6
 MZELWE: a longwave flux of   -507.7 Watts has been calculated for Wall-1:attc @ increment  2629
 This is considered high and a correlation will be used.
 <sky =  -461.1 <buildings =  -13.8 <ground =  -32.8
 MZELWE: a longwave flux of   -504.6 Watts has been calculated for Wall-1:attc @ increment  2630
 This is considered high and a correlation will be used.
 <sky =  -457.4 <buildings =  -14.4 <ground =  -32.8
 MZELWE: a longwave flux of   -497.2 Watts has been calculated for Wall-4:main @ increment  2826
 This is considered high and a correlation will be used.
 <sky =  -207.7 <buildings = -117.9 <ground = -171.6
 MZELWE: a longwave flux of   -497.3 Watts has been calculated for Wall-4:attc @ increment  2826
 This is considered high and a correlation will be used.
 <sky =  -207.8 <buildings = -117.9 <ground = -171.6
 MZELWE: a longwave flux of   -531.6 Watts has been calculated for Wall-2:main @ increment  2864
 This is considered high and a correlation will be used.
 <sky =  -225.9 <buildings = -127.7 <ground = 