the ARGV says core 1
Starting bps in mode text with file ./11DDA00082.cfg
and parameters default in silent       mode and no   browsing.
 
ESP-r Integrated Building Performance Simulator (bps).
This is a development copy of bps, based on ESP-r release 11.5.
 
Copyright 2001-2007 Energy Systems Research Unit.
 
Build information:
  - SVN Source:       development_branch@r3459 (unmodified)
  - Platform:         i686:Linux:2.6.24-16-generic
  - Compilers:        gcc-3.4/g++-3.4/g77-3.4
  - Graphics Library: X11
  - XML output:       Supported
 
 standard databases are at /usr/esru/esp-r/databases
Using installed version of esprc file.
 the input file is: ./11DDA00082.cfg
Silent-running mode.
Scanning the model description...
 ../../../databases/optics_db                                                                                                                    
 ../../../databases/optics_db                                                                                                                    
 findwhichdbpath ipath is  0
 ../../../databases/plant_db                                                                                                                     
 ../../../databases/plant_db                                                                                                                     
 findwhichdbpath ipath is  0
 ../../../databases/plant_db                                                                                                                     
 ../../../databases/plant_db                                                                                                                     
  ersys ipathpcdb is  0
 The system name is 11DDA00082
Scanning the model description...done
 Checking zone descriptions...
 Checking zone descriptions...done
 Checking model topology...
 Checking model topology...done
A systems and building simulation start-up period of  10 days has been specified.
  
 
 Climate data:                           Hali:  2000
 
 Library file: 11DDA00082.res
 Warning in AIM2_flue_size.
 Ignore this warning if building is heated
 by an explicit plant network.
 Climate file         : ../../../climate/HALIFAX.CWEC
 Configuration file   : 11DDA00082.cfg
 Configuration name   : 11DDA00082
 
 Control file name    : ./11DDA00082.ctl
 
 Zone save option     : 5 H3K
 No. of warnings      :     4
 
 Simulation period    :   365 day(s)
                period: Mon-01-Jan@01h00 - Mon-31-Dec@24h00
 Start-up period      :    10 day(s)
 Zone time-steps      :     1 / hr ( 60.00 min. intervals saved at each timestep)
 Number of zones      :     3
 Zone-time increments : 27000
 Zone results db size :     0.0 Kbytes
 Time-step controller :     Not active
  
 
 Simulation has now commenced.
   1 %   complete; expected finish time : Tue Sep  9 10:18:06 2008
   5 %   complete; expected finish time : Tue Sep  9 10:17:46 2008
 MZELWE: a longwave flux of   -610.6 Watts has been calculated for Wall-1:attc @ increment  1451
 This is considered high and a correlation will be used.
 <sky =  -546.9 <buildings =  -19.9 <ground =  -43.8
 MZELWE: a longwave flux of  -1223.9 Watts has been calculated for Wall-1:attc @ increment  1452
 This is considered high and a correlation will be used.
 <sky = -1081.5 <buildings =  -45.5 <ground =  -97.0
 MZELWE: a longwave flux of   -512.0 Watts has been calculated for Wall-1:main @ increment  1500
 This is considered high and a correlation will be used.
 <sky =  -224.2 <buildings = -118.4 <ground = -169.4
 MZELWE: a longwave flux of   -623.2 Watts has been calculated for Wall-1:attc @ increment  1596
 This is considered high and a correlation will be used.
 <sky =  -561.0 <buildings =  -17.9 <ground =  -44.3
 MZELWE: a longwave flux of   -601.5 Watts has been calculated for Wall-1:attc @ increment  1597
 This is considered high and a correlation will be used.
 <sky =  -537.6 <buildings =  -20.6 <ground =  -43.3
 MZELWE: a longwave flux of   -516.7 Watts has been calculated for Wall-2:main @ increment  1785
 This is considered high and a correlation will be used.
 <sky =  -224.6 <buildings = -120.0 <ground = -172.2
 MZELWE: a longwave flux of   -510.0 Watts has been calculated for Wall-2:attc @ increment  1785
 This is considered high and a correlation will be used.
  
 <sky =  -222.0 <buildings = -118.2 <ground = -169.8
 MZELWE: a longwave flux of   -559.5 Watts has been calculated for Wall-4:main @ increment  2127
 This is considered high and a correlation will be used.
 <sky =  -244.3 <buildings = -129.1 <ground = -186.2
 MZELWE: a longwave flux of   -628.4 Watts has been calculated for Wall-1:attc @ increment  2127
 This is considered high and a correlation will be used.
 <sky =  -565.9 <buildings =  -18.5 <ground =  -44.0
 MZELWE: a longwave flux of   -556.1 Watts has been calculated for Wall-4:attc @ increment  2127
 This is considered high and a correlation will be used.
 <sky =  -243.0 <buildings = -128.2 <ground = -184.9
 MZELWE: a longwave flux of   -507.1 Watts has been calculated for Wall-2:main @ increment  2192
 This is considered high and a correlation will be used.
 <sky =  -215.1 <buildings = -124.3 <ground = -167.6
 MZELWE: a longwave flux of   -498.4 Watts has been calculated for Wall-2:attc @ increment  2192
 This is considered high and a correlation will be used.
 <sky =  -211.9 <buildings = -122.0 <ground = -164.5
 MZELWE: a longwave flux of   -642.2 Watts has been calculated for Wall-2:main @ increment  2240
 This is considered high and a correlation will be used.
 <sky =  -267.3 <buildings = -157.0 <ground = -218.0
 MZELWE: a longwave flux of   -632.9 Watts has been calculated for Wall-2:attc @ increment  2240
 This is considered high and a correlation will be used.
 <sky =  -263.8 <buildings = -154.5 <ground = -214.6
  25 %   complete; expected finish time : Tue Sep  9 10:19:06 2008
 MZELWE: a longwave flux of   -497.5 Watts has been calculated for Wall-1:main @ increment  2389
  
 This is considered high and a correlation will be used.
 <sky =  -218.2 <buildings = -112.1 <ground = -167.2
 MZELWE: a longwave flux of   -625.6 Watts has been calculated for Wall-1:main @ increment  2392
 This is considered high and a correlation will be used.
 <sky =  -260.8 <buildings = -151.7 <ground = -213.2
 MZELWE: a longwave flux of   -613.8 Watts has been calculated for Wall-2:main @ increment  2456
 This is considered high and a correlation will be used.
 <sky =  -258.2 <buildings = -146.3 <ground = -209.3
 MZELWE: a longwave flux of   -605.9 Watts has been calculated for Wall-2:attc @ increment  2456
 This is considered high and a correlation will be used.
 <sky =  -255.2 <buildings = -144.2 <ground = -206.5
 MZELWE: a longwave flux of   -707.0 Watts has been calculated for Wall-2:main @ increment  2600
 This is considered high and a correlation will be used.
 <sky =  -293.6 <buildings = -173.0 <ground = -240.4
 MZELWE: a longwave flux of   -701.4 Watts has been calculated for Wall-2:attc @ increment  2600
 This is considered high and a correlation will be used.
 <sky =  -291.5 <buildings = -171.5 <ground = -238.4
 MZELWE: a longwave flux of   -777.5 Watts has been calculated for Wall-2:main @ increment  2603
 This is considered high and a correlation will be used.
 <sky =  -324.7 <buildings = -192.4 <ground = -260.3
 MZELWE: a longwave flux of   -770.0 Watts has been calculated for Wall-2:attc @ increment  2603
 This is considered high and a correlation will be used.
 <sky =  -321.9 <buildings = -190.5 <ground = -257.7
 MZELWE: a longwave flux of  -1058.8 Watts has been calculated for Wall-2:main @ increment  2606
  
 This is considered high and a correlation will be used.
 <sky =  -438.8 <buildings = -246.2 <ground = -373.8
 MZELWE: a longwave flux of  -1043.3 Watts has been calculated for Wall-2:attc @ increment  2606
 This is considered high and a correlation will be used.
 <sky =  -433.0 <buildings = -242.1 <ground = -368.2
 MZELWE: a longwave flux of   -793.3 Watts has been calculated for Wall-2:main @ increment  2609
 This is considered high and a correlation will be used.
 <sky =  -346.4 <buildings = -149.2 <ground = -297.8
 MZELWE: a longwave flux of   -780.3 Watts h