the ARGV says core 14
Starting bps in mode text with file ./2350A00170.cfg
and parameters default in silent       mode and no   browsing.
 
ESP-r Integrated Building Performance Simulator (bps).
This is a development copy of bps, based on ESP-r release 11.5.
 
Copyright 2001-2007 Energy Systems Research Unit.
 
Build information:
  - SVN Source:       development_branch@r3459 (unmodified)
  - Platform:         i686:Linux:2.6.24-16-generic
  - Compilers:        gcc-3.4/g++-3.4/g77-3.4
  - Graphics Library: X11
  - XML output:       Supported
 
 standard databases are at /usr/esru/esp-r/databases
Using installed version of esprc file.
 the input file is: ./2350A00170.cfg
Silent-running mode.
Scanning the model description...
 ../../../databases/optics_db                                                                                                                    
 ../../../databases/optics_db                                                                                                                    
 findwhichdbpath ipath is  0
 ../../../databases/plant_db                                                                                                                     
 ../../../databases/plant_db                                                                                                                     
 findwhichdbpath ipath is  0
 ../../../databases/plant_db                                                                                                                     
 ../../../databases/plant_db                                                                                                                     
  ersys ipathpcdb is  0
 The system name is 2350A00170
Scanning the model description...done
 Checking zone descriptions...
 Checking zone descriptions...done
 Checking model topology...
 Checking model topology...done
A systems and building simulation start-up period of  10 days has been specified.
  
 
 Climate data:                           Calg:  1997
 
 Library file: 2350A00170.res
 Warning in AIM2_flue_size.
 Ignore this warning if building is heated
 by an explicit plant network.
 Climate file         : ../../../climate/CALGARY.CWEC
 Configuration file   : 2350A00170.cfg
 Configuration name   : 2350A00170
 
 Control file name    : ./2350A00170.ctl
 
 Zone save option     : 5 H3K
 No. of warnings      :     4
 
 Simulation period    :   365 day(s)
                period: Mon-01-Jan@01h00 - Mon-31-Dec@24h00
 Start-up period      :    10 day(s)
 Zone time-steps      :     1 / hr ( 60.00 min. intervals saved at each timestep)
 Number of zones      :     3
 Zone-time increments : 27000
 Zone results db size :     0.0 Kbytes
 Time-step controller :     Not active
  
 
 Simulation has now commenced.
   1 %   complete; expected finish time : Tue Sep  9 10:18:06 2008
 MZELWE: a longwave flux of   -605.4 Watts has been calculated for Wall-1:main @ increment   131
 This is considered high and a correlation will be used.
 <sky =  -250.2 <buildings = -145.6 <ground = -209.6
 MZELWE: a longwave flux of  -1113.4 Watts has been calculated for Wall-1:main @ increment   134
 This is considered high and a correlation will be used.
 <sky =  -445.0 <buildings = -277.1 <ground = -391.3
 MZELWE: a longwave flux of   -773.1 Watts has been calculated for Wall-1:attc @ increment   134
 This is considered high and a correlation will be used.
 <sky =  -684.3 <buildings =  -30.2 <ground =  -58.5
 MZELWE: a longwave flux of   -643.5 Watts has been calculated for Wall-1:main @ increment   323
 This is considered high and a correlation will be used.
 <sky =  -268.3 <buildings = -153.0 <ground = -222.3
 MZELWE: a longwave flux of   -511.8 Watts has been calculated for Wall-1:attc @ increment   323
 This is considered high and a correlation will be used.
 <sky =  -456.0 <buildings =  -19.6 <ground =  -36.2
 MZELWE: a longwave flux of   -680.2 Watts has been calculated for Wall-1:main @ increment   324
 This is considered high and a correlation will be used.
 <sky =  -283.8 <buildings = -159.8 <ground = -236.7
 MZELWE: a longwave flux of   -623.0 Watts has been calculated for Wall-1:attc @ increment   324
 This is considered high and a correlation will be used.
 <sky =  -553.0 <buildings =  -24.5 <ground =  -45.5
  
 MZELWE: a longwave flux of   -934.4 Watts has been calculated for Wall-1:main @ increment   325
 This is considered high and a correlation will be used.
 <sky =  -376.8 <buildings = -232.3 <ground = -325.2
 MZELWE: a longwave flux of   -769.3 Watts has been calculated for Wall-1:attc @ increment   325
 This is considered high and a correlation will be used.
 <sky =  -679.6 <buildings =  -32.0 <ground =  -57.7
 MZELWE: a longwave flux of   -784.4 Watts has been calculated for Wall-1:main @ increment   326
 This is considered high and a correlation will be used.
 <sky =  -321.5 <buildings = -189.1 <ground = -273.9
 MZELWE: a longwave flux of   -652.0 Watts has been calculated for Wall-1:attc @ increment   326
 This is considered high and a correlation will be used.
 <sky =  -577.8 <buildings =  -26.0 <ground =  -48.2
 MZELWE: a longwave flux of   -500.6 Watts has been calculated for Wall-1:main @ increment   371
 This is considered high and a correlation will be used.
 <sky =  -211.4 <buildings = -118.7 <ground = -170.4
 MZELWE: a longwave flux of   -555.5 Watts has been calculated for Wall-1:main @ increment   373
 This is considered high and a correlation will be used.
 <sky =  -231.0 <buildings = -136.7 <ground = -187.8
 MZELWE: a longwave flux of   -534.7 Watts has been calculated for Wall-1:main @ increment   376
 This is considered high and a correlation will be used.
 <sky =  -218.7 <buildings = -134.8 <ground = -181.2
 MZELWE: a longwave flux of   -549.3 Watts has been calculated for Wall-1:main @ increment   443
 This is considered high and a correlation will be used.
 <sky =  -229.9 <buildings = -131.5 <ground = -188.0
  
 MZELWE: a longwave flux of   -496.9 Watts has been calculated for Wall-1:main @ increment   445
 This is considered high and a correlation will be used.
 <sky =  -207.8 <buildings = -119.8 <ground = -169.3
 MZELWE: a longwave flux of   -590.8 Watts has been calculated for Wall-1:main @ increment   446
 This is considered high and a correlation will be used.
 <sky =  -244.5 <buildings = -137.9 <ground = -208.5
   5 %   complete; expected finish time : Tue Sep  9 10:17:46 2008
 MZELWE: a longwave flux of   -532.8 Watts has been calculated for Wall-1:main @ increment   469
 This is considered high and a correlation will be used.
 <sky =  -226.8 <buildings = -124.4 <ground = -181.6
 MZELWE: a longwave flux of   -566.3 Watts has been calculated for Wall-1:main @ increment   515
 This is considered high and a correlation will be used.
 <sky =  -237.7 <buildings = -133.0 <ground = -195.5
 MZELWE: a longwave flux of   -526.1 Watts has been calculated for Wall-1:main @ increment   517
 This is considered high and a correlation will be used.
 <sky =  -222.4 <buildings = -122.3 <ground = -181.4
 MZELWE: a longwave flux of  -1060.6 Watts has been calculated for Wall-1:main @ increment   518
 This is considered high and a correlation will be used.
 <sky =  -425.9 <buildings = -260.5 <ground = -374.2
 MZELWE: a longwave flux of   -624.2 Watts has been calculated for Wall-1:attc @ increment   518
 This is considered high and a correlation will be used.
 <sky =  -554.2 <buildings =  -23.8 <ground =  -46.2
 MZELWE: a longwave flux of   -666.9 Watts has been calculated for Wall-1:main @ increment   733
 This is considered high and a correlation will be used.
  
 <sky =  -280.4 <buildings = -158.8 <ground = -227.7
 MZELWE: a longwave flux of   -557.0 Watts has been calculated for Wall-1:main @ increment   736
 This is considered high and a correlation will be used.
 <sky =  -222.6 <buildings = -138.5 <ground = -195.9
 MZELWE: a longwave flux of   -571.8 Watts has been calculated for Wall-1:main @ increment   803
 This is considered high and a correlation will be used.
 <sky =  -244.5 <buildings = -131.2 <ground = -196.1
 MZELWE: a longwave flux of   -638.7 Watts has been calculated for Wall-1:main @ increment   950
 This is considered high and a correlation will be used.
 <sky =  -266.4 <buildings = -154.2 <ground = -218.1
 MZELWE: a longwave flux of   -522.4 Watts has been calculated for Wall-1:main @ increment   972
 This is considered high and a correlation will be used.
 <sky =  -222.0 <buildings = -121.2 <ground = -179.2
 MZELWE: a longwave flux of   -504.4 Watts has been calculated for Wall-1:main @ increment  1046
 This is considered high and a correlation will be used.
 <sky =  -213.5 <buildings = -121.3 <ground = -169.6
 MZELWE: a longwave flux of   -510.7 Watts has been calculated for Wall-1:attc @ increment  1164
 This is considered high and a correlation will be used.
 <sky =  -458.9 <buildings =  -15.6 <ground =  -36.2
 MZELWE: a longwave flux of   -519.3 Watts has been calculated for Wall-1:attc @ increment  1503
 This is considered high and a correlation will be used.
 <sky =  -465.8 <buildings =  -16.8 <ground =  -36.7
 MZELWE: a longwave flux of   -642.6 Watts has been calculated for Wall-1:attc @ increment  1504
 This is considered high and a correlation will be used.
  
 <sky =  -570.4 <buildings =  -24.6 <ground =  -47.5
 MZELWE: a longwave flux of   -507.1 Watts has been calculated for Wall-1:main @ increment  1525
 This is considered high and a correlation will be used.
 <sky =  -224.6 <buildings = -110.0 <ground = -172.5
 MZELWE: a longwave flux of   -505.2 Watts has been calculated for Wall-1:main @ increment  1621
 This is considered high and a correlation will be used.
 <sky =  -219.6 <buildings = -117.7 <ground = -167.9
 MZELWE: a longwave flux of   -535.3 Watts has been calculated for Wall-1:main @ increment  1624
 This is considered high and a correlation will be used.
 <sky =  -225.8 <buildings = -127.2 <ground = -182.3
 MZELWE: a longwave flux of   -500.8 Watts has been calculated for Wall-1:attc @ increment  1714
 This is considered high and a correlation will be used.
 <sky =  -450.4 <buildings =  -15.8 <ground =  -34.6
 MZELWE: a longwave flux of   -503.0 Watts has been calculated for Wall-1:main @ increment  1716
 This is considered high and a correlation will be used.
 <sky =  -218.7 <buildings = -117.2 <ground = -167.1
 MZELWE: a longwave flux of   -536.2 Watts has been calculated for Wall-1:main @ increment  1740
 This is considered high and a correlation will be used.
 <sky =  -231.1 <buildings = -124.3 <ground = -180.8
 MZELWE: a longwave flux of   -590.6 Watts has been calculated for Wall-1:main @ increment  1741
 This is considered high and a correlation will be used.
 <sky =  -254.3 <buildings = -134.8 <ground = -201.5
 MZELWE: a longwave flux of   -556.9 Watts has been calculated for Wall-1:attc @ increment  1787
 This is considered high and a correlation will be used.
  
 <sky =  -501.1 <buildings =  -15.7 <ground =  -40.2
 MZELWE: a longwave flux of   -610.0 Watts has been calculated for Wall-1:main @ increment  1837
 This is considered high and a correlation will be used.
 <sky =  -260.8 <buildings = -143.0 <ground = -206.3
 MZELWE: a longwave flux of  -1120.1 Watts has been calculated for Wall-1:main @ increment  1840
 This is considered high and a correlation will be used.
 <sky =  -440.4 <buildings = -289.6 <ground = -390.1
 MZELWE: a longwave flux of   -508.6 Watts has been calculated for Wall-1:attc @ increment  2002
 This is considered high and a correlation will be used.
 <sky =  -457.6 <buildings =  -15.4 <ground =  -35.5
 MZELWE: a longwave flux of   -583.8 Watts has been calculated for Wall-1:attc @ increment  2003
 This is considered high and a correlation will be used.
 <sky =  -522.1 <buildings =  -20.3 <ground =  -41.5
 MZELWE: a longwave flux of   -537.5 Watts has been calculated for Wall-2:main @ increment  2073
 This is considered high and a correlation will be used.
 <sky =  -231.7 <buildings = -126.0 <ground = -179.8
 MZELWE: a longwave flux of   -531.6 Watts has been calculated for Wall-2:attc @ increment  2073
 This is considered high and a correlation will be used.
 <sky =  -229.5 <buildings = -124.4 <ground = -177.7
  25 %   complete; expected finish time : Tue Sep  9 10:19:10 2008
 MZELWE: a longwave flux of   -496.5 Watts has been calculated for Wall-1:main @ increment  2435
 This is considered high and a correlation will be used.
 <sky =  -222.6 <buildings = -110.8 <ground = -163.1
 MZELWE: a longwave flux of  -1262.1 Watts has been calculated for Wall-1:main @ increment  2438
  
 This is considered high and a correlation will be used.
 <sky =  -510.4 <buildings = -313.9 <ground = -437.7
 MZELWE: a longwave flux of   -760.6 Watts has been calculated for Wall-1:main @ increment  2441
 This is considered high and a correlation will be used.
 <sky =  -311.0 <buildings = -191.9 <ground = -257.7
 MZELWE: a longwave flux of   -593.2 Watts has been calculated for Wall-2:main @ increment  2456
 This is considered high and a correlation will be used.
 <sky =  -246.0 <buildings = -146.3 <ground = -200.9
 MZELWE: a longwave flux of   -582.3 Watts has been calculated for Wall-2:attc @ increment  2456
 This is considered high and a correlation will be used.
 <sky =  -242.0 <buildings = -143.4 <ground = -197.0
 MZELWE: a longwave flux of   -616.8 Watts has been calculated for Wall-2:main @ increment  2648
 This is considered high and a correlation will be used.
 <sky =  -256.6 <buildings = -149.8 <ground = -210.4
 MZELWE: a longwave flux of   -606.2 Watts has been calculated for Wall-2:attc @ increment  2648
 This is considered high and a correlation will be used.
 <sky =  -252.6 <buildings = -146.9 <ground = -206.6
 MZELWE: a longwave flux of   -721.6 Watts has been calculated for Wall-2:main @ increment  2649
 This is considered high and a correlation will be used.
 <sky =  -306.9 <buildings = -163.3 <ground = -251.4
 MZELWE: a longwave flux of   -709.2 Watts has been calculated for Wall-2:attc @ increment  2649
 This is considered high and a correlation will be used.
 <sky =  -302.2 <buildings = -160.0 <ground = -247.0
 MZELWE: a longwave flux of   -563.6 Watts has been calculated for Wall-1:main @ increment  2652
  
 This is considered high and a correlation will be used.
 <sky =  -249.1 <buildings = -127.2 <ground = -187.3
 MZELWE: a longwave flux of   -514.7 Watts has been calculated for Wall-1:main @ increment  2655
 This is considered high and a correlation will be used.
 <sky =  -226.7 <buildings = -113.1 <ground = -174.9
 MZELWE: a longwave flux of   -517.8 Watts has been calculated for Wall-2:main @ increment  2672
 This is considered high and a correlation will be used.
 <sky =  -218.8 <buildings = -127.9 <ground = -171.1
 MZELWE: a longwave flux of   -512.1 Watts has been calculated for Wall-2:attc @ increment  2672
 This is considered high and a correlation will be used.
 <sky =  -216.6 <buildings = -126.4 <ground = -169.1
 MZELWE: a longwave flux of   -517.2 Watts has been calculated for Wall-2:main @ increment  2673
 This is considered high and a correlation will be used.
 <sky =  -223.2 <buildings = -119.7 <ground = -174.3
 MZELWE: a longwave flux of   -504.9 Watts has been calculated for Wall-2:attc @ increment  2673
 This is considered high and a correlation will be used.
 <sky =  -218.6 <buildings = -116.4 <ground = -169.9
 MZELWE: a longwave flux of   -556.7 Watts has been calculated for Wall-2:main @ increment  2935
 This is considered high and a correlation will be used.
 <sky =  -231.4 <buildings = -140.4 <ground = -185.0
 MZELWE: a longwave flux of   -546.8 Watts has been calculated for Wall-2:attc @ increment  2935
 This is considered high and a correlation will be used.
 <sky =  -227.6 <buildings = -137.7 <ground = -181.4
 MZELWE: a longwave flux of  -1961.8 Watts has been calculated for Wall-2:main @ increment  2938
  
 This is considered high and a correlation will be used.
 <sky =  -770.1 <buildings = -506.0 <ground = -685.7
 MZELWE: a longwave flux of  -1915.8 Watts has been calculated for Wall-2:attc @ increment  2938
 This is considered high and a correlation will be used.
 <sky =  -752.8 <buildings = -493.7 <ground = -669.2
 MZELWE: a longwave flux of   -496.9 Watts has been calculated for Wall-1:main @ increment  2941
 This is considered high and a correlation will be used.
 <sky =  -227.4 <buildings = -102.3 <ground = -167.3
 MZELWE: a longwave flux of  -1208.4 Watts has been calculated for Wall-2:main @ increment  2941
 This is considered high and a correlation will be used.
 <sky =  -487.2 <buildings = -307.2 <ground = -414.1
 MZELWE: a longwave flux of  -1187.8 Watts has been calculated for Wall-2:attc @ increment  2941
 This is considered high and a correlation will be used.
 <sky =  -479.4 <buildings = -301.7 <ground = -406.7
 MZELWE: a longwave flux of   -530.9 Watts has been calculated for Wall-2:main @ increment  2944
 This is considered high and a correlation will be used.
 <sky =  -229.0 <buildings = -115.9 <ground = -186.0
 MZELWE: a longwave flux of   -526.0 Watts has been calculated for Wall-2:attc @ increment  2944
 This is considered high and a correlation will be used.
 <sky =  -227.1 <buildings = -114.6 <ground = -184.3
 MZELWE: a longwave flux of   -579.0 Watts has been calculated for Wall-2:main @ increment  2984
 This is considered high and a correlation will be used.
 <sky =  -248.4 <buildings = -130.8 <ground = -199.9
 MZELWE: a longwave flux of   -571.3 Watts has been calculated for Wall-2:attc @ increment  2984
  
 This is considered high and a correlation will be used.
 <sky =  -245.5 <buildings = -128.7 <ground = -197.1
 MZELWE: a longwave flux of   -524.1 Watts has been calculated for Wall-2:main @ increment  3007
 This is considered high and a correlation will be used.
 <sky =  -219.6 <buildings = -129.4 <ground = -175.1
 MZELWE: a longwave flux of   -515.9 Watts has been calculated for Wall-2:attc @ increment  3007
 This is considered high and a correlation will be used.
 <sky =  -216.5 <buildings = -127.2 <ground = -172.2
 MZELWE: a longwave flux of   -590.3 Watts has been calculated for Wall-2:main @ increment  3151
 This is considered high and a correlation will be used.
 <sky =  -247.1 <buildings = -146.5 <ground = -196.7
 MZELWE: a longwave flux of   -583.2 Watts has been calculated for Wall-2:attc @ increment  3151
 This is considered high and a correlation will be used.
 <sky =  -244.5 <buildings = -144.6 <ground = -194.2
 MZELWE: a longwave flux of  -1200.3 Watts has been calculated for Wall-2:main @ increment  3154
 This is considered high and a correlation will be used.
 <sky =  -483.4 <buildings = -307.1 <ground = -409.8
 MZELWE: a longwave flux of  -1182.7 Watts has been calculated for Wall-2:attc @ increment  3154
 This is considered high and a correlation will be used.
 <sky =  -476.7 <buildings = -302.4 <ground = -403.5
 MZELWE: a longwave flux of   -743.0 Watts has been calculated for Wall-2:main @ increment  3157
 This is considered high and a correlation will be used.
 <sky =  -315.5 <buildings = -169.8 <ground = -257.7
 MZELWE: a longwave flux of   -730.5 Watts has been calculated for Wall-2:attc @ increment  3157
  
 This is considered high and a correlation will be used.
 <sky =  -310.8 <buildings = -166.5 <ground = -253.2
 MZELWE: a longwave flux of   -714.7 Watts has been calculated for Wall-2:main @ increment  3297
 This is considered high and a correlation will be used.
 <sky =  -302.1 <buildings = -170.1 <ground = -242.5
 MZELWE: a longwave flux of   -703.9 Watts has been calculated for Wall-2:attc @ increment  3297
 This is considered high and a correlation will be used.
 <sky =  -298.0 <buildings = -167.2 <ground = -238.6
 MZELWE: a longwave flux of   -561.1 Watts has been calculated for Wall-2:main @ increment  3300
 This is considered high and a correlation will be used.
 <sky =  -238.6 <buildings = -138.0 <ground = -184.5
 MZELWE: a longwave flux of   -552.5 Watts has been calculated for Wall-2:attc @ increment  3300
 This is considered high and a correlation will be used.
 <sky =  -235.3 <buildings = -135.7 <ground = -181.4
 MZELWE: a longwave flux of   -502.9 Watts has been calculated for Wall-4:main @ increment  3402
 This is considered high and a correlation will be used.
 <sky =  -213.7 <buildings = -117.0 <ground = -172.2
 MZELWE: a longwave flux of   -500.9 Watts has been calculated for Wall-4:attc @ increment  3402
 